10:50:33.920 [main] INFO  net.andreinc.mapneat.dsl.MapNeat - Transformation(id=5bc6ae1e-b279-4008-b335-ebbb7263b519, parentId=null) INPUT = {"id":70,"firstName":"Agustin","lastName":"Mares","birthDate":"2013-11-05","friends":[450,840],"visits":[{"id":0,"country":"Nigeria","enter":"1996-12-12"},{"id":100,"country":"Central African Republic","enter":"2011-03-21"}],"creditCards":[{"number":"4987081190857697","cvv":"772","expirationDate":"2039-11-08"},{"number":"371708781559108","cvv":"907","expirationDate":"2027-05-30"}],"pwd":"snarl8","email":"glibbestfrohman@email.com","userName":"glegjacob"}
10:50:33.943 [main] INFO  net.andreinc.mapneat.operation.Shift - (transformationId=5bc6ae1e-b279-4008-b335-ebbb7263b519) "" SHIFT(*=) null
10:50:33.947 [main] INFO  net.andreinc.mapneat.dsl.MapNeat - Transformation(id=7bf6a796-0d69-4987-a182-ad1614245ae1, parentId=null) INPUT = {"id":70,"firstName":"Agustin","lastName":"Mares","birthDate":"2013-11-05","friends":[450,840],"visits":[{"id":0,"country":"Nigeria","enter":"1996-12-12"},{"id":100,"country":"Central African Republic","enter":"2011-03-21"}],"creditCards":[{"number":"4987081190857697","cvv":"772","expirationDate":"2039-11-08"},{"number":"371708781559108","cvv":"907","expirationDate":"2027-05-30"}],"pwd":"snarl8","email":"glibbestfrohman@email.com","userName":"glegjacob"}
10:50:33.948 [main] INFO  net.andreinc.mapneat.operation.Shift - (transformationId=7bf6a796-0d69-4987-a182-ad1614245ae1) "" SHIFT(*=) null
10:50:33.949 [main] INFO  net.andreinc.mapneat.operation.Delete - (transformationId=7bf6a796-0d69-4987-a182-ad1614245ae1) DELETE(-) "visits"
10:50:33.949 [main] INFO  net.andreinc.mapneat.operation.Delete - (transformationId=7bf6a796-0d69-4987-a182-ad1614245ae1) DELETE(-) "creditCards"
10:50:33.949 [main] INFO  net.andreinc.mapneat.operation.Delete - (transformationId=7bf6a796-0d69-4987-a182-ad1614245ae1) DELETE(-) "pwd"
10:50:33.952 [main] INFO  net.andreinc.mapneat.operation.Shift - (transformationId=7bf6a796-0d69-4987-a182-ad1614245ae1) "visited" SHIFT(*=) [ "Central African Republic", "Nigeria" ]
10:50:33.954 [main] INFO  net.andreinc.mapneat.operation.Assign - (transformationId=7bf6a796-0d69-4987-a182-ad1614245ae1) "lastName" ASSIGN(/=) "MARES"
10:50:33.955 [main] INFO  net.andreinc.mapneat.operation.Assign - (transformationId=7bf6a796-0d69-4987-a182-ad1614245ae1) "friends" ASSIGN(/=) [ "Walter Ekker", "Caleb Emmett" ]
10:53:34.715 [main] INFO  net.andreinc.mapneat.dsl.MapNeat - Transformation(id=68683fe3-811e-4366-8154-0dc8a4da093a, parentId=null) INPUT = {"id":490,"firstName":"Merry","lastName":"Schroff","birthDate":"1987-06-12","friends":[570,140,420,90],"visits":[{"id":500,"country":"Korea, Republic Of","enter":"2006-06-05"},{"id":400,"country":"Ireland","enter":"1974-08-01"},{"id":200,"country":"Sierra Leone","enter":"2020-09-12"},{"id":100,"country":"Czech Republic","enter":"1972-09-24"},{"id":300,"country":"Albania","enter":"1987-12-26"},{"id":0,"country":"Algeria","enter":"1993-09-05"}],"creditCards":[{"number":"4490868202198874","cvv":"048","expirationDate":"2037-10-07"}],"pwd":"clank4","email":"lobedhent@aol.com","userName":"tanetta"}
10:53:34.735 [main] INFO  net.andreinc.mapneat.operation.Shift - (transformationId=68683fe3-811e-4366-8154-0dc8a4da093a) "" SHIFT(*=) null
10:53:34.739 [main] INFO  net.andreinc.mapneat.dsl.MapNeat - Transformation(id=a7141c0b-4af5-4999-8a33-c238b5963f9b, parentId=null) INPUT = {"id":490,"firstName":"Merry","lastName":"Schroff","birthDate":"1987-06-12","friends":[570,140,420,90],"visits":[{"id":500,"country":"Korea, Republic Of","enter":"2006-06-05"},{"id":400,"country":"Ireland","enter":"1974-08-01"},{"id":200,"country":"Sierra Leone","enter":"2020-09-12"},{"id":100,"country":"Czech Republic","enter":"1972-09-24"},{"id":300,"country":"Albania","enter":"1987-12-26"},{"id":0,"country":"Algeria","enter":"1993-09-05"}],"creditCards":[{"number":"4490868202198874","cvv":"048","expirationDate":"2037-10-07"}],"pwd":"clank4","email":"lobedhent@aol.com","userName":"tanetta"}
10:53:34.739 [main] INFO  net.andreinc.mapneat.operation.Shift - (transformationId=a7141c0b-4af5-4999-8a33-c238b5963f9b) "" SHIFT(*=) null
10:53:34.740 [main] INFO  net.andreinc.mapneat.operation.Delete - (transformationId=a7141c0b-4af5-4999-8a33-c238b5963f9b) DELETE(-) "visits"
10:53:34.741 [main] INFO  net.andreinc.mapneat.operation.Delete - (transformationId=a7141c0b-4af5-4999-8a33-c238b5963f9b) DELETE(-) "creditCards"
10:53:34.741 [main] INFO  net.andreinc.mapneat.operation.Delete - (transformationId=a7141c0b-4af5-4999-8a33-c238b5963f9b) DELETE(-) "pwd"
10:53:34.742 [main] INFO  net.andreinc.mapneat.operation.Shift - (transformationId=a7141c0b-4af5-4999-8a33-c238b5963f9b) "visited" SHIFT(*=) [ "Czech Republic", "Ireland", "Korea, Republic Of", "Sierra Leone", "Algeria", "Albania" ]
10:53:34.743 [main] INFO  net.andreinc.mapneat.operation.Assign - (transformationId=a7141c0b-4af5-4999-8a33-c238b5963f9b) "lastName" ASSIGN(/=) "SCHROFF"
10:53:34.744 [main] INFO  net.andreinc.mapneat.operation.Assign - (transformationId=a7141c0b-4af5-4999-8a33-c238b5963f9b) "friends" ASSIGN(/=) [ "Miguelina Cassens", "Blanca Fee", "Collette Burm", "Tomi Vitrano" ]
10:54:09.950 [main] INFO  net.andreinc.mapneat.dsl.MapNeat - Transformation(id=4f166a4b-9151-41ce-9bee-e7cb98021f3d, parentId=null) INPUT = {"id":590,"firstName":"Malia","lastName":"Singletary","birthDate":"2018-04-01","friends":[450,290,580,310],"visits":[{"id":100,"country":"Cook Islands","enter":"1974-10-10"},{"id":500,"country":"Cameroon","enter":"1995-04-27"},{"id":300,"country":"Cote D'ivoire","enter":"1983-12-14"},{"id":700,"country":"Peru","enter":"1981-05-06"},{"id":200,"country":"Saint Helena","enter":"2010-09-16"},{"id":0,"country":"Egypt","enter":"1989-03-13"},{"id":400,"country":"United States","enter":"1994-07-25"},{"id":800,"country":"Kazakstan","enter":"2009-08-30"},{"id":600,"country":"Nigeria","enter":"2019-05-04"}],"creditCards":[{"number":"5370700539632964","cvv":"602","expirationDate":"2028-01-14"},{"number":"4753777564916447","cvv":"377","expirationDate":"2038-10-31"},{"number":"343192079869476","cvv":"157","expirationDate":"2023-01-11"}],"pwd":"gaps07","email":"fakemarianna@hotmail.co.uk","userName":"spurredmabel"}
10:54:09.969 [main] INFO  net.andreinc.mapneat.operation.Shift - (transformationId=4f166a4b-9151-41ce-9bee-e7cb98021f3d) "" SHIFT(*=) null
10:54:09.974 [main] INFO  net.andreinc.mapneat.dsl.MapNeat - Transformation(id=55de6825-d622-4563-8e11-3423dee8725f, parentId=null) INPUT = {"id":590,"firstName":"Malia","lastName":"Singletary","birthDate":"2018-04-01","friends":[450,290,580,310],"visits":[{"id":100,"country":"Cook Islands","enter":"1974-10-10"},{"id":500,"country":"Cameroon","enter":"1995-04-27"},{"id":300,"country":"Cote D'ivoire","enter":"1983-12-14"},{"id":700,"country":"Peru","enter":"1981-05-06"},{"id":200,"country":"Saint Helena","enter":"2010-09-16"},{"id":0,"country":"Egypt","enter":"1989-03-13"},{"id":400,"country":"United States","enter":"1994-07-25"},{"id":800,"country":"Kazakstan","enter":"2009-08-30"},{"id":600,"country":"Nigeria","enter":"2019-05-04"}],"creditCards":[{"number":"5370700539632964","cvv":"602","expirationDate":"2028-01-14"},{"number":"4753777564916447","cvv":"377","expirationDate":"2038-10-31"},{"number":"343192079869476","cvv":"157","expirationDate":"2023-01-11"}],"pwd":"gaps07","email":"fakemarianna@hotmail.co.uk","userName":"spurredmabel"}
10:54:09.974 [main] INFO  net.andreinc.mapneat.operation.Shift - (transformationId=55de6825-d622-4563-8e11-3423dee8725f) "" SHIFT(*=) null
10:54:09.975 [main] INFO  net.andreinc.mapneat.operation.Delete - (transformationId=55de6825-d622-4563-8e11-3423dee8725f) DELETE(-) "visits"
10:54:09.975 [main] INFO  net.andreinc.mapneat.operation.Delete - (transformationId=55de6825-d622-4563-8e11-3423dee8725f) DELETE(-) "creditCards"
10:54:09.976 [main] INFO  net.andreinc.mapneat.operation.Delete - (transformationId=55de6825-d622-4563-8e11-3423dee8725f) DELETE(-) "pwd"
10:54:09.977 [main] INFO  net.andreinc.mapneat.operation.Shift - (transformationId=55de6825-d622-4563-8e11-3423dee8725f) "visited" SHIFT(*=) [ "Cameroon", "Cook Islands", "United States", "Egypt", "Kazakstan", "Cote D'ivoire", "Nigeria", "Peru", "Saint Helena" ]
10:54:09.978 [main] INFO  net.andreinc.mapneat.operation.Assign - (transformationId=55de6825-d622-4563-8e11-3423dee8725f) "lastName" ASSIGN(/=) "SINGLETARY"
10:54:09.980 [main] INFO  net.andreinc.mapneat.operation.Assign - (transformationId=55de6825-d622-4563-8e11-3423dee8725f) "friends" ASSIGN(/=) [ "Adela Zayac", "Brandie Denault", "Mirian Western", "Cecil Stelzl" ]
11:24:30.997 [main] INFO  net.andreinc.mapneat.dsl.MapNeat - Transformation(id=045437d7-3c66-41e4-8748-63573f09976e, parentId=null) INPUT = {"id":590,"firstName":"Apryl","lastName":"Hoeffliger","birthDate":"1961-04-05","friends":[910],"visits":[{"id":600,"country":"Heard Island And Mcdonald Islands","enter":"1998-06-24"},{"id":500,"country":"Algeria","enter":"1995-02-16"},{"id":400,"country":"Portugal","enter":"2001-03-19"},{"id":200,"country":"Serbia","enter":"1978-04-14"},{"id":700,"country":"Ireland","enter":"1984-09-24"},{"id":800,"country":"Chile","enter":"2004-03-05"},{"id":100,"country":"Mauritius","enter":"1970-10-03"},{"id":300,"country":"Guinea","enter":"2018-08-02"},{"id":0,"country":"Faroe Islands","enter":"1970-07-25"}],"creditCards":[{"number":"4296328917569022","cvv":"418","expirationDate":"2027-12-24"}],"pwd":"rhizomes","email":"gorgedmarquerite@msn.com","userName":"pouchededdy"}
11:24:31.014 [main] INFO  net.andreinc.mapneat.operation.Shift - (transformationId=045437d7-3c66-41e4-8748-63573f09976e) "" SHIFT(*=) null
11:24:31.019 [main] INFO  net.andreinc.mapneat.dsl.MapNeat - Transformation(id=618d76a4-28ac-48d6-af85-2c83db83f7dd, parentId=null) INPUT = {"id":590,"firstName":"Apryl","lastName":"Hoeffliger","birthDate":"1961-04-05","friends":[910],"visits":[{"id":600,"country":"Heard Island And Mcdonald Islands","enter":"1998-06-24"},{"id":500,"country":"Algeria","enter":"1995-02-16"},{"id":400,"country":"Portugal","enter":"2001-03-19"},{"id":200,"country":"Serbia","enter":"1978-04-14"},{"id":700,"country":"Ireland","enter":"1984-09-24"},{"id":800,"country":"Chile","enter":"2004-03-05"},{"id":100,"country":"Mauritius","enter":"1970-10-03"},{"id":300,"country":"Guinea","enter":"2018-08-02"},{"id":0,"country":"Faroe Islands","enter":"1970-07-25"}],"creditCards":[{"number":"4296328917569022","cvv":"418","expirationDate":"2027-12-24"}],"pwd":"rhizomes","email":"gorgedmarquerite@msn.com","userName":"pouchededdy"}
11:24:31.019 [main] INFO  net.andreinc.mapneat.operation.Shift - (transformationId=618d76a4-28ac-48d6-af85-2c83db83f7dd) "" SHIFT(*=) null
11:24:31.020 [main] INFO  net.andreinc.mapneat.operation.Delete - (transformationId=618d76a4-28ac-48d6-af85-2c83db83f7dd) DELETE(-) "visits"
11:24:31.020 [main] INFO  net.andreinc.mapneat.operation.Delete - (transformationId=618d76a4-28ac-48d6-af85-2c83db83f7dd) DELETE(-) "creditCards"
11:24:31.020 [main] INFO  net.andreinc.mapneat.operation.Delete - (transformationId=618d76a4-28ac-48d6-af85-2c83db83f7dd) DELETE(-) "pwd"
11:24:31.022 [main] INFO  net.andreinc.mapneat.operation.Shift - (transformationId=618d76a4-28ac-48d6-af85-2c83db83f7dd) "visited" SHIFT(*=) [ "Heard Island And Mcdonald Islands", "Guinea", "Ireland", "Faroe Islands", "Algeria", "Serbia", "Chile", "Portugal", "Mauritius" ]
11:24:31.024 [main] INFO  net.andreinc.mapneat.operation.Assign - (transformationId=618d76a4-28ac-48d6-af85-2c83db83f7dd) "lastName" ASSIGN(/=) "HOEFFLIGER"
11:24:31.025 [main] INFO  net.andreinc.mapneat.operation.Assign - (transformationId=618d76a4-28ac-48d6-af85-2c83db83f7dd) "friends" ASSIGN(/=) [ "Yung Caldon" ]
12:01:47.702 [main] INFO  net.andreinc.mapneat.dsl.MapNeat - Transformation(id=0ca61e88-5fe4-4b53-98af-004f3d2c642a, parentId=null) INPUT = {"id":380,"firstName":"Latanya","lastName":"Sonderegger","birthDate":"1938-01-13","friends":[640],"visits":[{"id":600,"country":"Luxembourg","enter":"2019-02-02"},{"id":500,"country":"Egypt","enter":"1981-05-31"},{"id":400,"country":"Bulgaria","enter":"1977-12-14"},{"id":200,"country":"Comoros","enter":"2001-06-22"},{"id":100,"country":"Iceland","enter":"2004-07-07"},{"id":300,"country":"Georgia","enter":"1996-03-04"},{"id":0,"country":"Saudi Arabia","enter":"1979-11-26"}],"creditCards":[{"number":"2221027003324284","cvv":"552","expirationDate":"2039-09-08"},{"number":"2221673153444958","cvv":"117","expirationDate":"2025-05-15"}],"pwd":"birdbrain","email":"ruttedchassaniol@yahoo.com","userName":"foiledelda"}
12:01:47.726 [main] INFO  net.andreinc.mapneat.operation.Shift - (transformationId=0ca61e88-5fe4-4b53-98af-004f3d2c642a) "" SHIFT(*=) null
12:01:47.729 [main] INFO  net.andreinc.mapneat.dsl.MapNeat - Transformation(id=9785f8c5-3d96-4aa4-82e9-050fce71c70b, parentId=null) INPUT = {"id":380,"firstName":"Latanya","lastName":"Sonderegger","birthDate":"1938-01-13","friends":[640],"visits":[{"id":600,"country":"Luxembourg","enter":"2019-02-02"},{"id":500,"country":"Egypt","enter":"1981-05-31"},{"id":400,"country":"Bulgaria","enter":"1977-12-14"},{"id":200,"country":"Comoros","enter":"2001-06-22"},{"id":100,"country":"Iceland","enter":"2004-07-07"},{"id":300,"country":"Georgia","enter":"1996-03-04"},{"id":0,"country":"Saudi Arabia","enter":"1979-11-26"}],"creditCards":[{"number":"2221027003324284","cvv":"552","expirationDate":"2039-09-08"},{"number":"2221673153444958","cvv":"117","expirationDate":"2025-05-15"}],"pwd":"birdbrain","email":"ruttedchassaniol@yahoo.com","userName":"foiledelda"}
12:01:47.730 [main] INFO  net.andreinc.mapneat.operation.Shift - (transformationId=9785f8c5-3d96-4aa4-82e9-050fce71c70b) "" SHIFT(*=) null
12:01:47.730 [main] INFO  net.andreinc.mapneat.operation.Delete - (transformationId=9785f8c5-3d96-4aa4-82e9-050fce71c70b) DELETE(-) "visits"
12:01:47.730 [main] INFO  net.andreinc.mapneat.operation.Delete - (transformationId=9785f8c5-3d96-4aa4-82e9-050fce71c70b) DELETE(-) "creditCards"
12:01:47.731 [main] INFO  net.andreinc.mapneat.operation.Delete - (transformationId=9785f8c5-3d96-4aa4-82e9-050fce71c70b) DELETE(-) "pwd"
12:01:47.732 [main] INFO  net.andreinc.mapneat.operation.Shift - (transformationId=9785f8c5-3d96-4aa4-82e9-050fce71c70b) "visited" SHIFT(*=) [ "Saudi Arabia", "Luxembourg", "Egypt", "Comoros", "Georgia", "Bulgaria", "Iceland" ]
12:01:47.733 [main] INFO  net.andreinc.mapneat.operation.Assign - (transformationId=9785f8c5-3d96-4aa4-82e9-050fce71c70b) "lastName" ASSIGN(/=) "asdasd"
12:01:47.734 [main] INFO  net.andreinc.mapneat.operation.Assign - (transformationId=9785f8c5-3d96-4aa4-82e9-050fce71c70b) "friends" ASSIGN(/=) [ "Marica Mathers" ]
12:02:02.746 [main] INFO  net.andreinc.mapneat.dsl.MapNeat - Transformation(id=9f85095e-e392-4242-9914-04463cad35db, parentId=null) INPUT = {"id":10,"firstName":"Jordon","lastName":"Schneeberger","birthDate":"1964-09-05","friends":[580,760],"visits":[{"id":600,"country":"United Kingdom","enter":"2009-04-24"},{"id":500,"country":"Malawi","enter":"2006-09-26"},{"id":400,"country":"Sierra Leone","enter":"1970-12-18"},{"id":200,"country":"Chad","enter":"2017-09-22"},{"id":100,"country":"Guatemala","enter":"2019-12-06"},{"id":300,"country":"Mozambique","enter":"2012-10-21"},{"id":0,"country":"Uganda","enter":"2007-08-15"}],"creditCards":[{"number":"5555020100515234","cvv":"778","expirationDate":"2023-01-21"},{"number":"2221048810525012","cvv":"249","expirationDate":"2034-12-05"}],"pwd":"belcher","email":"thornlesslicht@msn.com","userName":"buffdaryl"}
12:02:02.762 [main] INFO  net.andreinc.mapneat.operation.Shift - (transformationId=9f85095e-e392-4242-9914-04463cad35db) "" SHIFT(*=) null
12:02:02.765 [main] INFO  net.andreinc.mapneat.dsl.MapNeat - Transformation(id=3cb3bb2d-ec80-4bd8-b6ec-70c5478b585c, parentId=null) INPUT = {"id":10,"firstName":"Jordon","lastName":"Schneeberger","birthDate":"1964-09-05","friends":[580,760],"visits":[{"id":600,"country":"United Kingdom","enter":"2009-04-24"},{"id":500,"country":"Malawi","enter":"2006-09-26"},{"id":400,"country":"Sierra Leone","enter":"1970-12-18"},{"id":200,"country":"Chad","enter":"2017-09-22"},{"id":100,"country":"Guatemala","enter":"2019-12-06"},{"id":300,"country":"Mozambique","enter":"2012-10-21"},{"id":0,"country":"Uganda","enter":"2007-08-15"}],"creditCards":[{"number":"5555020100515234","cvv":"778","expirationDate":"2023-01-21"},{"number":"2221048810525012","cvv":"249","expirationDate":"2034-12-05"}],"pwd":"belcher","email":"thornlesslicht@msn.com","userName":"buffdaryl"}
12:02:02.766 [main] INFO  net.andreinc.mapneat.operation.Shift - (transformationId=3cb3bb2d-ec80-4bd8-b6ec-70c5478b585c) "" SHIFT(*=) null
12:02:02.767 [main] INFO  net.andreinc.mapneat.operation.Delete - (transformationId=3cb3bb2d-ec80-4bd8-b6ec-70c5478b585c) DELETE(-) "visits"
12:02:02.767 [main] INFO  net.andreinc.mapneat.operation.Delete - (transformationId=3cb3bb2d-ec80-4bd8-b6ec-70c5478b585c) DELETE(-) "creditCards"
12:02:02.767 [main] INFO  net.andreinc.mapneat.operation.Delete - (transformationId=3cb3bb2d-ec80-4bd8-b6ec-70c5478b585c) DELETE(-) "pwd"
12:02:02.768 [main] INFO  net.andreinc.mapneat.operation.Shift - (transformationId=3cb3bb2d-ec80-4bd8-b6ec-70c5478b585c) "visited" SHIFT(*=) [ "Mozambique", "Malawi", "Chad", "Guatemala", "United Kingdom", "Uganda", "Sierra Leone" ]
12:02:02.769 [main] INFO  net.andreinc.mapneat.operation.Assign - (transformationId=3cb3bb2d-ec80-4bd8-b6ec-70c5478b585c) "lastName" ASSIGN(/=) "SCHNEEBERGER"
12:02:02.770 [main] INFO  net.andreinc.mapneat.operation.Assign - (transformationId=3cb3bb2d-ec80-4bd8-b6ec-70c5478b585c) "friends" ASSIGN(/=) [ "Deangelo Kordas", "Judson Flo" ]
12:02:40.774 [main] INFO  net.andreinc.mapneat.dsl.MapNeat - Transformation(id=ece7ac0d-6947-4a67-a9e4-33e99a1662eb, parentId=null) INPUT = {"id":130,"firstName":"May","lastName":"Pocchia","birthDate":"1904-09-23","friends":[600,510,380,680],"visits":[{"id":400,"country":"Maldives","enter":"1995-07-19"},{"id":200,"country":"Mayotte","enter":"1995-03-22"},{"id":100,"country":"Suriname","enter":"2013-03-11"},{"id":300,"country":"Cuba","enter":"2000-10-01"},{"id":0,"country":"Palau","enter":"2011-12-16"}],"creditCards":[{"number":"344125096333075","cvv":"864","expirationDate":"2024-09-25"},{"number":"5438438629188320","cvv":"356","expirationDate":"2023-11-18"}],"pwd":"hadj19","email":"skeighfaustino@yahoo.co.uk","userName":"tankedmario"}
12:02:40.793 [main] INFO  net.andreinc.mapneat.operation.Shift - (transformationId=ece7ac0d-6947-4a67-a9e4-33e99a1662eb) "" SHIFT(*=) null
12:02:40.797 [main] INFO  net.andreinc.mapneat.dsl.MapNeat - Transformation(id=4127c96f-0bfb-4faf-9a53-ee709100719b, parentId=null) INPUT = {"id":130,"firstName":"May","lastName":"Pocchia","birthDate":"1904-09-23","friends":[600,510,380,680],"visits":[{"id":400,"country":"Maldives","enter":"1995-07-19"},{"id":200,"country":"Mayotte","enter":"1995-03-22"},{"id":100,"country":"Suriname","enter":"2013-03-11"},{"id":300,"country":"Cuba","enter":"2000-10-01"},{"id":0,"country":"Palau","enter":"2011-12-16"}],"creditCards":[{"number":"344125096333075","cvv":"864","expirationDate":"2024-09-25"},{"number":"5438438629188320","cvv":"356","expirationDate":"2023-11-18"}],"pwd":"hadj19","email":"skeighfaustino@yahoo.co.uk","userName":"tankedmario"}
12:02:40.797 [main] INFO  net.andreinc.mapneat.operation.Shift - (transformationId=4127c96f-0bfb-4faf-9a53-ee709100719b) "" SHIFT(*=) null
12:02:40.798 [main] INFO  net.andreinc.mapneat.operation.Delete - (transformationId=4127c96f-0bfb-4faf-9a53-ee709100719b) DELETE(-) "visits"
12:02:40.798 [main] INFO  net.andreinc.mapneat.operation.Delete - (transformationId=4127c96f-0bfb-4faf-9a53-ee709100719b) DELETE(-) "creditCards"
12:02:40.798 [main] INFO  net.andreinc.mapneat.operation.Delete - (transformationId=4127c96f-0bfb-4faf-9a53-ee709100719b) DELETE(-) "pwd"
12:02:40.800 [main] INFO  net.andreinc.mapneat.operation.Shift - (transformationId=4127c96f-0bfb-4faf-9a53-ee709100719b) "visited" SHIFT(*=) [ "Cuba", "Maldives", "Mayotte", "Suriname", "Palau" ]
12:02:40.803 [main] INFO  net.andreinc.mapneat.operation.Assign - (transformationId=4127c96f-0bfb-4faf-9a53-ee709100719b) "lastName" ASSIGN(/=) {
  "arity" : 0
}
12:02:40.805 [main] INFO  net.andreinc.mapneat.operation.Assign - (transformationId=4127c96f-0bfb-4faf-9a53-ee709100719b) "friends" ASSIGN(/=) [ "Renate Barris", "Jean Czernovski", "Charity Loker", "Kerrie Devara" ]
12:03:34.529 [main] INFO  net.andreinc.mapneat.dsl.MapNeat - Transformation(id=b4df24cc-eff9-49bf-aba4-cd231e8054c2, parentId=null) INPUT = {"id":870,"firstName":"Russel","lastName":"Bodrick","birthDate":"1995-08-22","friends":[740,350,490,540],"visits":[{"id":500,"country":"Eritrea","enter":"1998-04-05"},{"id":400,"country":"Georgia","enter":"1971-11-02"},{"id":200,"country":"Madagascar","enter":"1990-01-23"},{"id":100,"country":"Tunisia","enter":"1987-06-02"},{"id":300,"country":"Barbados","enter":"2015-12-01"},{"id":0,"country":"Argentina","enter":"2001-08-30"}],"creditCards":[{"number":"349923796075730","cvv":"271","expirationDate":"2025-04-28"},{"number":"349812744076629","cvv":"858","expirationDate":"2023-06-12"},{"number":"2720555099280032","cvv":"540","expirationDate":"2027-01-12"}],"pwd":"parrel","email":"fanwisegasps@gmail.com","userName":"puirsusan"}
12:03:34.549 [main] INFO  net.andreinc.mapneat.operation.Shift - (transformationId=b4df24cc-eff9-49bf-aba4-cd231e8054c2) "" SHIFT(*=) null
12:03:34.553 [main] INFO  net.andreinc.mapneat.dsl.MapNeat - Transformation(id=a52342c2-83dd-4d75-85c0-a3f7cf9b6fd1, parentId=null) INPUT = {"id":870,"firstName":"Russel","lastName":"Bodrick","birthDate":"1995-08-22","friends":[740,350,490,540],"visits":[{"id":500,"country":"Eritrea","enter":"1998-04-05"},{"id":400,"country":"Georgia","enter":"1971-11-02"},{"id":200,"country":"Madagascar","enter":"1990-01-23"},{"id":100,"country":"Tunisia","enter":"1987-06-02"},{"id":300,"country":"Barbados","enter":"2015-12-01"},{"id":0,"country":"Argentina","enter":"2001-08-30"}],"creditCards":[{"number":"349923796075730","cvv":"271","expirationDate":"2025-04-28"},{"number":"349812744076629","cvv":"858","expirationDate":"2023-06-12"},{"number":"2720555099280032","cvv":"540","expirationDate":"2027-01-12"}],"pwd":"parrel","email":"fanwisegasps@gmail.com","userName":"puirsusan"}
12:03:34.553 [main] INFO  net.andreinc.mapneat.operation.Shift - (transformationId=a52342c2-83dd-4d75-85c0-a3f7cf9b6fd1) "" SHIFT(*=) null
12:03:34.554 [main] INFO  net.andreinc.mapneat.operation.Delete - (transformationId=a52342c2-83dd-4d75-85c0-a3f7cf9b6fd1) DELETE(-) "visits"
12:03:34.554 [main] INFO  net.andreinc.mapneat.operation.Delete - (transformationId=a52342c2-83dd-4d75-85c0-a3f7cf9b6fd1) DELETE(-) "creditCards"
12:03:34.554 [main] INFO  net.andreinc.mapneat.operation.Delete - (transformationId=a52342c2-83dd-4d75-85c0-a3f7cf9b6fd1) DELETE(-) "pwd"
12:03:34.556 [main] INFO  net.andreinc.mapneat.operation.Shift - (transformationId=a52342c2-83dd-4d75-85c0-a3f7cf9b6fd1) "visited" SHIFT(*=) [ "Eritrea", "Argentina", "Barbados", "Madagascar", "Georgia", "Tunisia" ]
12:03:34.559 [main] INFO  net.andreinc.mapneat.operation.Assign - (transformationId=a52342c2-83dd-4d75-85c0-a3f7cf9b6fd1) "lastName" ASSIGN(/=) {
  "arity" : 0
}
12:03:34.561 [main] INFO  net.andreinc.mapneat.operation.Assign - (transformationId=a52342c2-83dd-4d75-85c0-a3f7cf9b6fd1) "friends" ASSIGN(/=) [ "Rocco Drescher", "Sterling Dasalia", "Brent Hamiton", "Ramon Vallar" ]
12:03:46.007 [main] INFO  net.andreinc.mapneat.dsl.MapNeat - Transformation(id=dc9719d5-6237-4fed-90ed-0ab28012de1a, parentId=null) INPUT = {"id":520,"firstName":"Burt","lastName":"Derrig","birthDate":"2006-03-29","friends":[440,560,880,100],"visits":[{"id":600,"country":"Malawi","enter":"1975-09-05"},{"id":500,"country":"Nicaragua","enter":"2017-01-19"},{"id":400,"country":"Congo, The Democratic Republic Of The","enter":"1973-04-26"},{"id":200,"country":"Pitcairn","enter":"1989-09-26"},{"id":100,"country":"Gabon","enter":"1983-06-25"},{"id":300,"country":"Togo","enter":"1978-05-01"},{"id":0,"country":"Sierra Leone","enter":"1991-12-12"}],"creditCards":[{"number":"5111587702986069","cvv":"283","expirationDate":"2025-09-18"}],"pwd":"awl234","email":"brawunity@msn.com","userName":"peeveddrudge"}
12:03:46.028 [main] INFO  net.andreinc.mapneat.operation.Shift - (transformationId=dc9719d5-6237-4fed-90ed-0ab28012de1a) "" SHIFT(*=) null
12:03:46.032 [main] INFO  net.andreinc.mapneat.dsl.MapNeat - Transformation(id=cdf37a17-2b97-438a-b23d-be44b01449c8, parentId=null) INPUT = {"id":520,"firstName":"Burt","lastName":"Derrig","birthDate":"2006-03-29","friends":[440,560,880,100],"visits":[{"id":600,"country":"Malawi","enter":"1975-09-05"},{"id":500,"country":"Nicaragua","enter":"2017-01-19"},{"id":400,"country":"Congo, The Democratic Republic Of The","enter":"1973-04-26"},{"id":200,"country":"Pitcairn","enter":"1989-09-26"},{"id":100,"country":"Gabon","enter":"1983-06-25"},{"id":300,"country":"Togo","enter":"1978-05-01"},{"id":0,"country":"Sierra Leone","enter":"1991-12-12"}],"creditCards":[{"number":"5111587702986069","cvv":"283","expirationDate":"2025-09-18"}],"pwd":"awl234","email":"brawunity@msn.com","userName":"peeveddrudge"}
12:03:46.033 [main] INFO  net.andreinc.mapneat.operation.Shift - (transformationId=cdf37a17-2b97-438a-b23d-be44b01449c8) "" SHIFT(*=) null
12:03:46.034 [main] INFO  net.andreinc.mapneat.operation.Delete - (transformationId=cdf37a17-2b97-438a-b23d-be44b01449c8) DELETE(-) "visits"
12:03:46.034 [main] INFO  net.andreinc.mapneat.operation.Delete - (transformationId=cdf37a17-2b97-438a-b23d-be44b01449c8) DELETE(-) "creditCards"
12:03:46.034 [main] INFO  net.andreinc.mapneat.operation.Delete - (transformationId=cdf37a17-2b97-438a-b23d-be44b01449c8) DELETE(-) "pwd"
12:03:46.036 [main] INFO  net.andreinc.mapneat.operation.Shift - (transformationId=cdf37a17-2b97-438a-b23d-be44b01449c8) "visited" SHIFT(*=) [ "Gabon", "Nicaragua", "Pitcairn", "Togo", "Malawi", "Sierra Leone", "Congo, The Democratic Republic Of The" ]
12:03:46.038 [main] INFO  net.andreinc.mapneat.operation.Assign - (transformationId=cdf37a17-2b97-438a-b23d-be44b01449c8) "lastName" ASSIGN(/=) {
  "arity" : 0
}
12:03:46.040 [main] INFO  net.andreinc.mapneat.operation.Assign - (transformationId=cdf37a17-2b97-438a-b23d-be44b01449c8) "friends" ASSIGN(/=) [ "Allan Mckeller", "Bobby Lamblin", "Williams Armato", "Amos Tonnesen" ]
12:04:10.846 [main] INFO  net.andreinc.mapneat.dsl.MapNeat - Transformation(id=3bde8225-11f2-4c79-a7b8-9dc192c54cb9, parentId=null) INPUT = {"id":840,"firstName":"Lenny","lastName":"Days","birthDate":"2006-06-02","friends":[90],"visits":[{"id":500,"country":"Mongolia","enter":"1987-10-14"},{"id":400,"country":"Norway","enter":"1978-12-25"},{"id":200,"country":"Ethiopia","enter":"1992-08-27"},{"id":100,"country":"Grenada","enter":"1985-06-09"},{"id":300,"country":"Tokelau","enter":"1978-07-26"},{"id":0,"country":"Costa Rica","enter":"1986-05-12"}],"creditCards":[{"number":"378023877971800","cvv":"790","expirationDate":"2029-11-14"}],"pwd":"wat479","email":"dreadspurtles@gmail.com","userName":"swishvannessa"}
12:04:10.866 [main] INFO  net.andreinc.mapneat.operation.Shift - (transformationId=3bde8225-11f2-4c79-a7b8-9dc192c54cb9) "" SHIFT(*=) null
12:04:10.870 [main] INFO  net.andreinc.mapneat.dsl.MapNeat - Transformation(id=3e22cb3b-28c2-4fd4-b296-73786ea7a27f, parentId=null) INPUT = {"id":840,"firstName":"Lenny","lastName":"Days","birthDate":"2006-06-02","friends":[90],"visits":[{"id":500,"country":"Mongolia","enter":"1987-10-14"},{"id":400,"country":"Norway","enter":"1978-12-25"},{"id":200,"country":"Ethiopia","enter":"1992-08-27"},{"id":100,"country":"Grenada","enter":"1985-06-09"},{"id":300,"country":"Tokelau","enter":"1978-07-26"},{"id":0,"country":"Costa Rica","enter":"1986-05-12"}],"creditCards":[{"number":"378023877971800","cvv":"790","expirationDate":"2029-11-14"}],"pwd":"wat479","email":"dreadspurtles@gmail.com","userName":"swishvannessa"}
12:04:10.870 [main] INFO  net.andreinc.mapneat.operation.Shift - (transformationId=3e22cb3b-28c2-4fd4-b296-73786ea7a27f) "" SHIFT(*=) null
12:04:10.871 [main] INFO  net.andreinc.mapneat.operation.Delete - (transformationId=3e22cb3b-28c2-4fd4-b296-73786ea7a27f) DELETE(-) "visits"
12:04:10.871 [main] INFO  net.andreinc.mapneat.operation.Delete - (transformationId=3e22cb3b-28c2-4fd4-b296-73786ea7a27f) DELETE(-) "creditCards"
12:04:10.871 [main] INFO  net.andreinc.mapneat.operation.Delete - (transformationId=3e22cb3b-28c2-4fd4-b296-73786ea7a27f) DELETE(-) "pwd"
12:04:10.873 [main] INFO  net.andreinc.mapneat.operation.Shift - (transformationId=3e22cb3b-28c2-4fd4-b296-73786ea7a27f) "visited" SHIFT(*=) [ "Mongolia", "Tokelau", "Norway", "Ethiopia", "Grenada", "Costa Rica" ]
12:05:05.568 [main] INFO  net.andreinc.mapneat.dsl.MapNeat - Transformation(id=f9dbb93a-fb50-46f9-9ac8-41b6c6e9f70f, parentId=null) INPUT = {"id":210,"firstName":"Refugio","lastName":"Lendon","birthDate":"1939-12-11","friends":[690,130],"visits":[{"id":200,"country":"Ecuador","enter":"1977-12-27"},{"id":100,"country":"Swaziland","enter":"2017-05-15"},{"id":0,"country":"Cote D'ivoire","enter":"1993-08-05"}],"creditCards":[{"number":"5353755893037367","cvv":"499","expirationDate":"2039-11-06"},{"number":"4459432271692645","cvv":"240","expirationDate":"2036-12-06"}],"pwd":"reedbucks","email":"woundcameron@hotmail.co.uk","userName":"biswont"}
12:05:05.587 [main] INFO  net.andreinc.mapneat.operation.Shift - (transformationId=f9dbb93a-fb50-46f9-9ac8-41b6c6e9f70f) "" SHIFT(*=) null
12:05:05.592 [main] INFO  net.andreinc.mapneat.dsl.MapNeat - Transformation(id=0547b21b-e85c-45fe-82d8-0268e1a57bcb, parentId=null) INPUT = {"id":210,"firstName":"Refugio","lastName":"Lendon","birthDate":"1939-12-11","friends":[690,130],"visits":[{"id":200,"country":"Ecuador","enter":"1977-12-27"},{"id":100,"country":"Swaziland","enter":"2017-05-15"},{"id":0,"country":"Cote D'ivoire","enter":"1993-08-05"}],"creditCards":[{"number":"5353755893037367","cvv":"499","expirationDate":"2039-11-06"},{"number":"4459432271692645","cvv":"240","expirationDate":"2036-12-06"}],"pwd":"reedbucks","email":"woundcameron@hotmail.co.uk","userName":"biswont"}
12:05:05.592 [main] INFO  net.andreinc.mapneat.operation.Shift - (transformationId=0547b21b-e85c-45fe-82d8-0268e1a57bcb) "" SHIFT(*=) null
12:05:05.593 [main] INFO  net.andreinc.mapneat.operation.Delete - (transformationId=0547b21b-e85c-45fe-82d8-0268e1a57bcb) DELETE(-) "visits"
12:05:05.594 [main] INFO  net.andreinc.mapneat.operation.Delete - (transformationId=0547b21b-e85c-45fe-82d8-0268e1a57bcb) DELETE(-) "creditCards"
12:05:05.594 [main] INFO  net.andreinc.mapneat.operation.Delete - (transformationId=0547b21b-e85c-45fe-82d8-0268e1a57bcb) DELETE(-) "pwd"
12:05:19.949 [main] INFO  net.andreinc.mapneat.dsl.MapNeat - Transformation(id=61344d1e-b6ea-4247-9e50-512b2a6278c6, parentId=null) INPUT = {"id":110,"firstName":"Joshua","lastName":"Salamacha","birthDate":"1958-06-20","friends":[590],"visits":[{"id":500,"country":"Peru","enter":"1976-01-16"},{"id":400,"country":"Japan","enter":"1979-12-03"},{"id":200,"country":"Namibia","enter":"1991-06-29"},{"id":100,"country":"Thailand","enter":"2021-06-18"},{"id":300,"country":"Suriname","enter":"1978-07-25"},{"id":0,"country":"Serbia","enter":"1972-01-15"}],"creditCards":[{"number":"375237856390302","cvv":"939","expirationDate":"2032-04-19"},{"number":"2720983282430570","cvv":"505","expirationDate":"2027-12-04"}],"pwd":"slaps4","email":"twinrafael@gmail.com","userName":"cheesedmyrtie"}
12:05:19.966 [main] INFO  net.andreinc.mapneat.operation.Shift - (transformationId=61344d1e-b6ea-4247-9e50-512b2a6278c6) "" SHIFT(*=) null
12:05:19.969 [main] INFO  net.andreinc.mapneat.dsl.MapNeat - Transformation(id=074dc86f-4f05-405d-bc1b-7cc5c9da1726, parentId=null) INPUT = {"id":110,"firstName":"Joshua","lastName":"Salamacha","birthDate":"1958-06-20","friends":[590],"visits":[{"id":500,"country":"Peru","enter":"1976-01-16"},{"id":400,"country":"Japan","enter":"1979-12-03"},{"id":200,"country":"Namibia","enter":"1991-06-29"},{"id":100,"country":"Thailand","enter":"2021-06-18"},{"id":300,"country":"Suriname","enter":"1978-07-25"},{"id":0,"country":"Serbia","enter":"1972-01-15"}],"creditCards":[{"number":"375237856390302","cvv":"939","expirationDate":"2032-04-19"},{"number":"2720983282430570","cvv":"505","expirationDate":"2027-12-04"}],"pwd":"slaps4","email":"twinrafael@gmail.com","userName":"cheesedmyrtie"}
12:05:19.969 [main] INFO  net.andreinc.mapneat.operation.Shift - (transformationId=074dc86f-4f05-405d-bc1b-7cc5c9da1726) "" SHIFT(*=) null
12:05:19.970 [main] INFO  net.andreinc.mapneat.operation.Delete - (transformationId=074dc86f-4f05-405d-bc1b-7cc5c9da1726) DELETE(-) "visits"
12:05:19.970 [main] INFO  net.andreinc.mapneat.operation.Delete - (transformationId=074dc86f-4f05-405d-bc1b-7cc5c9da1726) DELETE(-) "creditCards"
12:05:19.970 [main] INFO  net.andreinc.mapneat.operation.Delete - (transformationId=074dc86f-4f05-405d-bc1b-7cc5c9da1726) DELETE(-) "pwd"
12:05:19.985 [main] INFO  net.andreinc.mapneat.dsl.MapNeat - Transformation(id=0f7bd77a-344f-4a69-952b-3494d0b68405, parentId=null) INPUT = {"id":960,"firstName":"Elsie","lastName":"Persechino","birthDate":"1982-12-26","friends":[90,80,610,170],"visits":[{"id":100,"country":"Guadeloupe","enter":"2002-10-14"},{"id":0,"country":"Macedonia, The Former Yugoslav Republic Of","enter":"1982-04-11"},{"id":200,"country":"United States","enter":"2015-05-21"},{"id":300,"country":"Poland","enter":"1987-12-28"},{"id":400,"country":"Burkina Faso","enter":"1978-01-31"}],"creditCards":[{"number":"5297711472449209","cvv":"478","expirationDate":"2032-12-04"}],"pwd":"aunties","email":"peevedlamar@verizon.net","userName":"whelkedjoseph"}
12:05:19.985 [main] INFO  net.andreinc.mapneat.operation.Shift - (transformationId=0f7bd77a-344f-4a69-952b-3494d0b68405) "" SHIFT(*=) null
12:05:19.989 [main] INFO  net.andreinc.mapneat.dsl.MapNeat - Transformation(id=dc945cfd-b238-4889-b719-1d0f0fd6aff1, parentId=null) INPUT = {"id":960,"firstName":"Elsie","lastName":"Persechino","birthDate":"1982-12-26","friends":[90,80,610,170],"visits":[{"id":100,"country":"Guadeloupe","enter":"2002-10-14"},{"id":0,"country":"Macedonia, The Former Yugoslav Republic Of","enter":"1982-04-11"},{"id":200,"country":"United States","enter":"2015-05-21"},{"id":300,"country":"Poland","enter":"1987-12-28"},{"id":400,"country":"Burkina Faso","enter":"1978-01-31"}],"creditCards":[{"number":"5297711472449209","cvv":"478","expirationDate":"2032-12-04"}],"pwd":"aunties","email":"peevedlamar@verizon.net","userName":"whelkedjoseph"}
12:05:19.989 [main] INFO  net.andreinc.mapneat.operation.Shift - (transformationId=dc945cfd-b238-4889-b719-1d0f0fd6aff1) "" SHIFT(*=) null
12:05:19.989 [main] INFO  net.andreinc.mapneat.operation.Delete - (transformationId=dc945cfd-b238-4889-b719-1d0f0fd6aff1) DELETE(-) "visits"
12:05:19.989 [main] INFO  net.andreinc.mapneat.operation.Delete - (transformationId=dc945cfd-b238-4889-b719-1d0f0fd6aff1) DELETE(-) "creditCards"
12:05:19.989 [main] INFO  net.andreinc.mapneat.operation.Delete - (transformationId=dc945cfd-b238-4889-b719-1d0f0fd6aff1) DELETE(-) "pwd"
12:13:50.987 [main] INFO  net.andreinc.mapneat.dsl.MapNeat - Transformation(id=cfbdce98-18c5-4dcb-85ea-526a96acc5c1, parentId=null) INPUT = {"id":150,"firstName":"Johnny","lastName":"Arritola","birthDate":"1952-07-18","friends":[920,840],"visits":[{"id":0,"country":"Georgia","enter":"1982-08-12"}],"creditCards":[{"number":"4434816576796491","cvv":"610","expirationDate":"2029-02-07"},{"number":"4820287583016426","cvv":"179","expirationDate":"2024-10-23"},{"number":"5130933847342197","cvv":"397","expirationDate":"2034-10-22"}],"pwd":"swordman","email":"flawedanibal@mac.com","userName":"boullewinfield"}
12:13:51.006 [main] INFO  net.andreinc.mapneat.operation.Shift - (transformationId=cfbdce98-18c5-4dcb-85ea-526a96acc5c1) "" SHIFT(*=) null
12:13:51.011 [main] INFO  net.andreinc.mapneat.dsl.MapNeat - Transformation(id=b5f29b93-32d1-4558-ba40-a6973d857630, parentId=null) INPUT = {"id":150,"firstName":"Johnny","lastName":"Arritola","birthDate":"1952-07-18","friends":[920,840],"visits":[{"id":0,"country":"Georgia","enter":"1982-08-12"}],"creditCards":[{"number":"4434816576796491","cvv":"610","expirationDate":"2029-02-07"},{"number":"4820287583016426","cvv":"179","expirationDate":"2024-10-23"},{"number":"5130933847342197","cvv":"397","expirationDate":"2034-10-22"}],"pwd":"swordman","email":"flawedanibal@mac.com","userName":"boullewinfield"}
12:13:51.012 [main] INFO  net.andreinc.mapneat.operation.Shift - (transformationId=b5f29b93-32d1-4558-ba40-a6973d857630) "" SHIFT(*=) null
12:13:51.013 [main] INFO  net.andreinc.mapneat.operation.Delete - (transformationId=b5f29b93-32d1-4558-ba40-a6973d857630) DELETE(-) "visits"
12:13:51.014 [main] INFO  net.andreinc.mapneat.operation.Delete - (transformationId=b5f29b93-32d1-4558-ba40-a6973d857630) DELETE(-) "creditCards"
12:13:51.014 [main] INFO  net.andreinc.mapneat.operation.Delete - (transformationId=b5f29b93-32d1-4558-ba40-a6973d857630) DELETE(-) "pwd"
12:14:43.766 [main] INFO  net.andreinc.mapneat.dsl.MapNeat - Transformation(id=78f6ee49-c688-4411-881d-b4615f5da9ab, parentId=null) INPUT = {"id":880,"firstName":"Alonzo","lastName":"Matysiak","birthDate":"1943-08-09","friends":[520,140,760],"visits":[{"id":600,"country":"Gambia","enter":"1976-11-15"},{"id":500,"country":"United Arab Emirates","enter":"2020-08-03"},{"id":400,"country":"Saint Pierre And Miquelon","enter":"2007-02-23"},{"id":200,"country":"Afghanistan","enter":"1974-10-31"},{"id":100,"country":"Gabon","enter":"2012-10-21"},{"id":300,"country":"Netherlands","enter":"2014-03-14"},{"id":0,"country":"Benin","enter":"1990-06-11"}],"creditCards":[{"number":"4168217563698604","cvv":"980","expirationDate":"2026-04-20"}],"pwd":"fifteenth","email":"sixtyleeman@mail.com","userName":"thoughburgle"}
12:14:43.783 [main] INFO  net.andreinc.mapneat.operation.Shift - (transformationId=78f6ee49-c688-4411-881d-b4615f5da9ab) "" SHIFT(*=) null
12:14:43.787 [main] INFO  net.andreinc.mapneat.dsl.MapNeat - Transformation(id=ea002f5d-36ac-41e8-9839-a06c0031fb37, parentId=null) INPUT = {"id":880,"firstName":"Alonzo","lastName":"Matysiak","birthDate":"1943-08-09","friends":[520,140,760],"visits":[{"id":600,"country":"Gambia","enter":"1976-11-15"},{"id":500,"country":"United Arab Emirates","enter":"2020-08-03"},{"id":400,"country":"Saint Pierre And Miquelon","enter":"2007-02-23"},{"id":200,"country":"Afghanistan","enter":"1974-10-31"},{"id":100,"country":"Gabon","enter":"2012-10-21"},{"id":300,"country":"Netherlands","enter":"2014-03-14"},{"id":0,"country":"Benin","enter":"1990-06-11"}],"creditCards":[{"number":"4168217563698604","cvv":"980","expirationDate":"2026-04-20"}],"pwd":"fifteenth","email":"sixtyleeman@mail.com","userName":"thoughburgle"}
12:14:43.788 [main] INFO  net.andreinc.mapneat.operation.Shift - (transformationId=ea002f5d-36ac-41e8-9839-a06c0031fb37) "" SHIFT(*=) null
12:14:43.789 [main] INFO  net.andreinc.mapneat.operation.Delete - (transformationId=ea002f5d-36ac-41e8-9839-a06c0031fb37) DELETE(-) "visits"
12:14:43.789 [main] INFO  net.andreinc.mapneat.operation.Delete - (transformationId=ea002f5d-36ac-41e8-9839-a06c0031fb37) DELETE(-) "creditCards"
12:14:43.789 [main] INFO  net.andreinc.mapneat.operation.Delete - (transformationId=ea002f5d-36ac-41e8-9839-a06c0031fb37) DELETE(-) "pwd"
12:15:33.381 [main] INFO  net.andreinc.mapneat.dsl.MapNeat - Transformation(id=93efb699-8e79-4f14-83fd-924ea6e4cd27, parentId=null) INPUT = {"id":50,"firstName":"Gregory","lastName":"Raghunandan","birthDate":"2011-11-15","friends":[860],"visits":[{"id":600,"country":"Trinidad And Tobago","enter":"2009-10-27"},{"id":500,"country":"Romania","enter":"1998-08-13"},{"id":400,"country":"Kenya","enter":"1986-10-17"},{"id":200,"country":"Latvia","enter":"1983-12-06"},{"id":700,"country":"Mexico","enter":"1978-03-18"},{"id":100,"country":"New Zealand","enter":"1999-06-06"},{"id":300,"country":"Angola","enter":"2019-03-16"},{"id":0,"country":"Reunion","enter":"2005-06-19"}],"creditCards":[{"number":"4750363332307053","cvv":"788","expirationDate":"2024-10-22"}],"pwd":"karri0","email":"scrimpjimmie@comcast.net","userName":"edgechristoper"}
12:15:33.397 [main] INFO  net.andreinc.mapneat.operation.Shift - (transformationId=93efb699-8e79-4f14-83fd-924ea6e4cd27) "" SHIFT(*=) null
12:15:33.401 [main] INFO  net.andreinc.mapneat.dsl.MapNeat - Transformation(id=16f53d33-e1ec-4e80-8614-d96d8f42c5a5, parentId=null) INPUT = {"id":50,"firstName":"Gregory","lastName":"Raghunandan","birthDate":"2011-11-15","friends":[860],"visits":[{"id":600,"country":"Trinidad And Tobago","enter":"2009-10-27"},{"id":500,"country":"Romania","enter":"1998-08-13"},{"id":400,"country":"Kenya","enter":"1986-10-17"},{"id":200,"country":"Latvia","enter":"1983-12-06"},{"id":700,"country":"Mexico","enter":"1978-03-18"},{"id":100,"country":"New Zealand","enter":"1999-06-06"},{"id":300,"country":"Angola","enter":"2019-03-16"},{"id":0,"country":"Reunion","enter":"2005-06-19"}],"creditCards":[{"number":"4750363332307053","cvv":"788","expirationDate":"2024-10-22"}],"pwd":"karri0","email":"scrimpjimmie@comcast.net","userName":"edgechristoper"}
12:15:33.402 [main] INFO  net.andreinc.mapneat.operation.Shift - (transformationId=16f53d33-e1ec-4e80-8614-d96d8f42c5a5) "" SHIFT(*=) null
12:15:33.402 [main] INFO  net.andreinc.mapneat.operation.Delete - (transformationId=16f53d33-e1ec-4e80-8614-d96d8f42c5a5) DELETE(-) "visits"
12:15:33.402 [main] INFO  net.andreinc.mapneat.operation.Delete - (transformationId=16f53d33-e1ec-4e80-8614-d96d8f42c5a5) DELETE(-) "creditCards"
12:15:33.403 [main] INFO  net.andreinc.mapneat.operation.Delete - (transformationId=16f53d33-e1ec-4e80-8614-d96d8f42c5a5) DELETE(-) "pwd"
12:15:41.335 [main] INFO  net.andreinc.mapneat.dsl.MapNeat - Transformation(id=408931cd-5e21-42c2-a94b-34a49ef6374e, parentId=null) INPUT = {"id":430,"firstName":"Keesha","lastName":"Cuthrell","birthDate":"1993-04-30","friends":[160],"visits":[{"id":200,"country":"Anguilla","enter":"2020-09-18"},{"id":100,"country":"Norway","enter":"1995-02-04"},{"id":300,"country":"Venezuela","enter":"1999-12-01"},{"id":0,"country":"Cambodia","enter":"1972-09-16"}],"creditCards":[{"number":"372381503305280","cvv":"509","expirationDate":"2034-06-19"},{"number":"5569617620242738","cvv":"049","expirationDate":"2027-01-18"},{"number":"349601702562328","cvv":"398","expirationDate":"2030-09-08"}],"pwd":"drape3","email":"rigidparanada@email.com","userName":"kinniton"}
12:15:41.355 [main] INFO  net.andreinc.mapneat.operation.Shift - (transformationId=408931cd-5e21-42c2-a94b-34a49ef6374e) "" SHIFT(*=) null
12:15:41.359 [main] INFO  net.andreinc.mapneat.dsl.MapNeat - Transformation(id=06236d75-761b-4d46-8dbb-5c6c12eee8b8, parentId=null) INPUT = {"id":430,"firstName":"Keesha","lastName":"Cuthrell","birthDate":"1993-04-30","friends":[160],"visits":[{"id":200,"country":"Anguilla","enter":"2020-09-18"},{"id":100,"country":"Norway","enter":"1995-02-04"},{"id":300,"country":"Venezuela","enter":"1999-12-01"},{"id":0,"country":"Cambodia","enter":"1972-09-16"}],"creditCards":[{"number":"372381503305280","cvv":"509","expirationDate":"2034-06-19"},{"number":"5569617620242738","cvv":"049","expirationDate":"2027-01-18"},{"number":"349601702562328","cvv":"398","expirationDate":"2030-09-08"}],"pwd":"drape3","email":"rigidparanada@email.com","userName":"kinniton"}
12:15:41.359 [main] INFO  net.andreinc.mapneat.operation.Shift - (transformationId=06236d75-761b-4d46-8dbb-5c6c12eee8b8) "" SHIFT(*=) null
12:15:41.360 [main] INFO  net.andreinc.mapneat.operation.Delete - (transformationId=06236d75-761b-4d46-8dbb-5c6c12eee8b8) DELETE(-) "visits"
12:15:41.360 [main] INFO  net.andreinc.mapneat.operation.Delete - (transformationId=06236d75-761b-4d46-8dbb-5c6c12eee8b8) DELETE(-) "creditCards"
12:15:41.361 [main] INFO  net.andreinc.mapneat.operation.Delete - (transformationId=06236d75-761b-4d46-8dbb-5c6c12eee8b8) DELETE(-) "pwd"
12:15:41.362 [main] INFO  net.andreinc.mapneat.operation.Shift - (transformationId=06236d75-761b-4d46-8dbb-5c6c12eee8b8) "visited" SHIFT(*=) [ "Venezuela", "Cambodia", "Norway", "Anguilla" ]
12:15:41.363 [main] INFO  net.andreinc.mapneat.operation.Assign - (transformationId=06236d75-761b-4d46-8dbb-5c6c12eee8b8) "lastName" ASSIGN(/=) "CUTHRELL"
12:15:41.365 [main] INFO  net.andreinc.mapneat.operation.Assign - (transformationId=06236d75-761b-4d46-8dbb-5c6c12eee8b8) "friends" ASSIGN(/=) [ "Clyde Pelkey" ]
12:16:09.779 [main] INFO  net.andreinc.mapneat.dsl.MapNeat - Transformation(id=6f1b222d-1f2f-4949-afcf-1005bdd6d98e, parentId=null) INPUT = {"id":20,"firstName":"Christi","lastName":"Tewes","birthDate":"1997-08-04","friends":[900,260,460],"visits":[{"id":500,"country":"Thailand","enter":"1970-03-29"},{"id":400,"country":"Martinique","enter":"2002-03-17"},{"id":300,"country":"United Arab Emirates","enter":"2010-09-26"},{"id":100,"country":"Belarus","enter":"2000-01-07"},{"id":600,"country":"Tunisia","enter":"1987-09-28"},{"id":0,"country":"Belize","enter":"2020-10-19"},{"id":200,"country":"Philippines","enter":"1972-01-17"}],"creditCards":[{"number":"4039840729662490","cvv":"637","expirationDate":"2029-04-26"},{"number":"371912254195248","cvv":"631","expirationDate":"2038-02-19"}],"pwd":"titans","email":"unlearntgalassi@msn.com","userName":"quitspeter"}
12:16:09.799 [main] INFO  net.andreinc.mapneat.operation.Shift - (transformationId=6f1b222d-1f2f-4949-afcf-1005bdd6d98e) "" SHIFT(*=) null
12:16:09.803 [main] INFO  net.andreinc.mapneat.dsl.MapNeat - Transformation(id=5ca1c2ae-f4fb-4ed0-a72f-33e118e49828, parentId=null) INPUT = {"id":20,"firstName":"Christi","lastName":"Tewes","birthDate":"1997-08-04","friends":[900,260,460],"visits":[{"id":500,"country":"Thailand","enter":"1970-03-29"},{"id":400,"country":"Martinique","enter":"2002-03-17"},{"id":300,"country":"United Arab Emirates","enter":"2010-09-26"},{"id":100,"country":"Belarus","enter":"2000-01-07"},{"id":600,"country":"Tunisia","enter":"1987-09-28"},{"id":0,"country":"Belize","enter":"2020-10-19"},{"id":200,"country":"Philippines","enter":"1972-01-17"}],"creditCards":[{"number":"4039840729662490","cvv":"637","expirationDate":"2029-04-26"},{"number":"371912254195248","cvv":"631","expirationDate":"2038-02-19"}],"pwd":"titans","email":"unlearntgalassi@msn.com","userName":"quitspeter"}
12:16:09.803 [main] INFO  net.andreinc.mapneat.operation.Shift - (transformationId=5ca1c2ae-f4fb-4ed0-a72f-33e118e49828) "" SHIFT(*=) null
12:16:09.804 [main] INFO  net.andreinc.mapneat.operation.Delete - (transformationId=5ca1c2ae-f4fb-4ed0-a72f-33e118e49828) DELETE(-) "visits"
12:16:09.804 [main] INFO  net.andreinc.mapneat.operation.Delete - (transformationId=5ca1c2ae-f4fb-4ed0-a72f-33e118e49828) DELETE(-) "creditCards"
12:16:09.804 [main] INFO  net.andreinc.mapneat.operation.Delete - (transformationId=5ca1c2ae-f4fb-4ed0-a72f-33e118e49828) DELETE(-) "pwd"
12:16:09.808 [main] INFO  net.andreinc.mapneat.operation.Shift - (transformationId=5ca1c2ae-f4fb-4ed0-a72f-33e118e49828) "xxx.yyy[]" SHIFT(*=) [ [ {
  "id" : 500,
  "country" : "Thailand",
  "enter" : "1970-03-29"
}, {
  "id" : 400,
  "country" : "Martinique",
  "enter" : "2002-03-17"
}, {
  "id" : 300,
  "country" : "United Arab Emirates",
  "enter" : "2010-09-26"
}, {
  "id" : 100,
  "country" : "Belarus",
  "enter" : "2000-01-07"
}, {
  "id" : 600,
  "country" : "Tunisia",
  "enter" : "1987-09-28"
}, {
  "id" : 0,
  "country" : "Belize",
  "enter" : "2020-10-19"
}, {
  "id" : 200,
  "country" : "Philippines",
  "enter" : "1972-01-17"
} ] ]
12:16:09.809 [main] INFO  net.andreinc.mapneat.operation.Shift - (transformationId=5ca1c2ae-f4fb-4ed0-a72f-33e118e49828) "visited" SHIFT(*=) [ "Philippines", "Martinique", "Belize", "United Arab Emirates", "Thailand", "Belarus", "Tunisia" ]
12:16:09.810 [main] INFO  net.andreinc.mapneat.operation.Assign - (transformationId=5ca1c2ae-f4fb-4ed0-a72f-33e118e49828) "lastName" ASSIGN(/=) "TEWES"
12:16:09.811 [main] INFO  net.andreinc.mapneat.operation.Assign - (transformationId=5ca1c2ae-f4fb-4ed0-a72f-33e118e49828) "friends" ASSIGN(/=) [ "Lucienne Mundorf", "Karyl Hochstedler", "Trina Keleher" ]
12:16:44.776 [main] INFO  net.andreinc.mapneat.dsl.MapNeat - Transformation(id=b1d1ce8c-78f8-460a-b9e5-b04a64dcd708, parentId=null) INPUT = {"id":850,"firstName":"Edward","lastName":"Umin","birthDate":"2007-12-01","friends":[650,790,50,490],"visits":[{"id":200,"country":"Fiji","enter":"1986-03-19"},{"id":100,"country":"Georgia","enter":"2014-06-22"},{"id":300,"country":"Virgin Islands, U.s.","enter":"2020-12-10"},{"id":0,"country":"Portugal","enter":"1981-04-20"}],"creditCards":[{"number":"5573907699684447","cvv":"170","expirationDate":"2022-09-30"},{"number":"4282881329440923","cvv":"990","expirationDate":"2030-03-07"},{"number":"2221987180949171","cvv":"626","expirationDate":"2022-09-19"}],"pwd":"scads9","email":"galliardstrickert@att.net","userName":"crackingboat"}
12:16:44.792 [main] INFO  net.andreinc.mapneat.operation.Shift - (transformationId=b1d1ce8c-78f8-460a-b9e5-b04a64dcd708) "" SHIFT(*=) null
12:16:44.796 [main] INFO  net.andreinc.mapneat.dsl.MapNeat - Transformation(id=274a77be-4691-4f06-842f-b0903fdc4ec7, parentId=null) INPUT = {"id":850,"firstName":"Edward","lastName":"Umin","birthDate":"2007-12-01","friends":[650,790,50,490],"visits":[{"id":200,"country":"Fiji","enter":"1986-03-19"},{"id":100,"country":"Georgia","enter":"2014-06-22"},{"id":300,"country":"Virgin Islands, U.s.","enter":"2020-12-10"},{"id":0,"country":"Portugal","enter":"1981-04-20"}],"creditCards":[{"number":"5573907699684447","cvv":"170","expirationDate":"2022-09-30"},{"number":"4282881329440923","cvv":"990","expirationDate":"2030-03-07"},{"number":"2221987180949171","cvv":"626","expirationDate":"2022-09-19"}],"pwd":"scads9","email":"galliardstrickert@att.net","userName":"crackingboat"}
12:16:44.796 [main] INFO  net.andreinc.mapneat.operation.Shift - (transformationId=274a77be-4691-4f06-842f-b0903fdc4ec7) "" SHIFT(*=) null
12:16:44.797 [main] INFO  net.andreinc.mapneat.operation.Delete - (transformationId=274a77be-4691-4f06-842f-b0903fdc4ec7) DELETE(-) "visits"
12:16:44.797 [main] INFO  net.andreinc.mapneat.operation.Delete - (transformationId=274a77be-4691-4f06-842f-b0903fdc4ec7) DELETE(-) "creditCards"
12:16:44.797 [main] INFO  net.andreinc.mapneat.operation.Delete - (transformationId=274a77be-4691-4f06-842f-b0903fdc4ec7) DELETE(-) "pwd"
12:16:44.799 [main] INFO  net.andreinc.mapneat.operation.Shift - (transformationId=274a77be-4691-4f06-842f-b0903fdc4ec7) "visited" SHIFT(*=) [ "Fiji", "Virgin Islands, U.s.", "Georgia", "Portugal" ]
12:16:50.408 [main] INFO  net.andreinc.mapneat.dsl.MapNeat - Transformation(id=6db2471f-3a1c-4cf5-9b4b-7a12258ccd06, parentId=null) INPUT = {"id":650,"firstName":"Man","lastName":"Throop","birthDate":"2006-10-13","friends":[780],"visits":[{"id":300,"country":"Christmas Island","enter":"2016-02-03"},{"id":100,"country":"Qatar","enter":"1980-06-22"},{"id":0,"country":"Vanuatu","enter":"1997-05-29"},{"id":200,"country":"Northern Mariana Islands","enter":"1999-01-03"}],"creditCards":[{"number":"4381717892027509","cvv":"375","expirationDate":"2023-04-11"}],"pwd":"subplots","email":"foldbettie@gmail.com","userName":"darnedderrick"}
12:16:50.426 [main] INFO  net.andreinc.mapneat.operation.Shift - (transformationId=6db2471f-3a1c-4cf5-9b4b-7a12258ccd06) "" SHIFT(*=) null
12:16:50.429 [main] INFO  net.andreinc.mapneat.dsl.MapNeat - Transformation(id=c77072fd-48fb-40a7-b62a-b2d336684eb2, parentId=null) INPUT = {"id":650,"firstName":"Man","lastName":"Throop","birthDate":"2006-10-13","friends":[780],"visits":[{"id":300,"country":"Christmas Island","enter":"2016-02-03"},{"id":100,"country":"Qatar","enter":"1980-06-22"},{"id":0,"country":"Vanuatu","enter":"1997-05-29"},{"id":200,"country":"Northern Mariana Islands","enter":"1999-01-03"}],"creditCards":[{"number":"4381717892027509","cvv":"375","expirationDate":"2023-04-11"}],"pwd":"subplots","email":"foldbettie@gmail.com","userName":"darnedderrick"}
12:16:50.430 [main] INFO  net.andreinc.mapneat.operation.Shift - (transformationId=c77072fd-48fb-40a7-b62a-b2d336684eb2) "" SHIFT(*=) null
12:16:50.431 [main] INFO  net.andreinc.mapneat.operation.Delete - (transformationId=c77072fd-48fb-40a7-b62a-b2d336684eb2) DELETE(-) "visits"
12:16:50.431 [main] INFO  net.andreinc.mapneat.operation.Delete - (transformationId=c77072fd-48fb-40a7-b62a-b2d336684eb2) DELETE(-) "creditCards"
12:16:50.431 [main] INFO  net.andreinc.mapneat.operation.Delete - (transformationId=c77072fd-48fb-40a7-b62a-b2d336684eb2) DELETE(-) "pwd"
12:16:50.432 [main] INFO  net.andreinc.mapneat.operation.Shift - (transformationId=c77072fd-48fb-40a7-b62a-b2d336684eb2) "visited" SHIFT(*=) [ "Vanuatu", "Qatar", "Christmas Island", "Northern Mariana Islands" ]
12:18:39.207 [main] INFO  net.andreinc.mapneat.dsl.MapNeat - Transformation(id=4d7cd7bc-5c81-46a4-a5be-cc5ceeef8878, parentId=null) INPUT = {"id":20,"firstName":"Mollie","lastName":"Curella","birthDate":"1920-03-17","friends":[740,960,580],"visits":[{"id":200,"country":"Fiji","enter":"1995-09-30"},{"id":100,"country":"Zambia","enter":"1986-08-24"},{"id":0,"country":"Myanmar","enter":"1990-08-20"}],"creditCards":[{"number":"349522350431139","cvv":"725","expirationDate":"2032-02-19"}],"pwd":"leat11","email":"smackdeflate@comcast.net","userName":"sixthlyrang"}
12:18:39.226 [main] INFO  net.andreinc.mapneat.operation.Shift - (transformationId=4d7cd7bc-5c81-46a4-a5be-cc5ceeef8878) "" SHIFT(*=) null
12:18:39.229 [main] INFO  net.andreinc.mapneat.dsl.MapNeat - Transformation(id=1107fd0e-5770-4095-bb36-a745ad04efe1, parentId=null) INPUT = {"id":20,"firstName":"Mollie","lastName":"Curella","birthDate":"1920-03-17","friends":[740,960,580],"visits":[{"id":200,"country":"Fiji","enter":"1995-09-30"},{"id":100,"country":"Zambia","enter":"1986-08-24"},{"id":0,"country":"Myanmar","enter":"1990-08-20"}],"creditCards":[{"number":"349522350431139","cvv":"725","expirationDate":"2032-02-19"}],"pwd":"leat11","email":"smackdeflate@comcast.net","userName":"sixthlyrang"}
12:18:39.229 [main] INFO  net.andreinc.mapneat.operation.Shift - (transformationId=1107fd0e-5770-4095-bb36-a745ad04efe1) "" SHIFT(*=) null
12:18:39.230 [main] INFO  net.andreinc.mapneat.operation.Delete - (transformationId=1107fd0e-5770-4095-bb36-a745ad04efe1) DELETE(-) "visits"
12:18:39.230 [main] INFO  net.andreinc.mapneat.operation.Delete - (transformationId=1107fd0e-5770-4095-bb36-a745ad04efe1) DELETE(-) "creditCards"
12:18:39.231 [main] INFO  net.andreinc.mapneat.operation.Delete - (transformationId=1107fd0e-5770-4095-bb36-a745ad04efe1) DELETE(-) "pwd"
12:18:39.232 [main] INFO  net.andreinc.mapneat.operation.Shift - (transformationId=1107fd0e-5770-4095-bb36-a745ad04efe1) "visited" SHIFT(*=) [ "Myanmar", "Fiji", "Zambia" ]
12:18:39.233 [main] INFO  net.andreinc.mapneat.operation.Assign - (transformationId=1107fd0e-5770-4095-bb36-a745ad04efe1) "lastName" ASSIGN(/=) "CURELLA"
12:18:39.234 [main] INFO  net.andreinc.mapneat.operation.Assign - (transformationId=1107fd0e-5770-4095-bb36-a745ad04efe1) "friends" ASSIGN(/=) [ "Lauren Lamielle", "Corie Kiryakoza", "Elise Smid" ]
12:19:43.071 [main] INFO  net.andreinc.mapneat.dsl.MapNeat - Transformation(id=05fada39-3669-4691-913e-adcea11fdd6d, parentId=null) INPUT = {"id":810,"firstName":"Lucien","lastName":"Eyer","birthDate":"1936-01-04","friends":[620,40,160],"visits":[{"id":200,"country":"Ghana","enter":"1973-12-19"},{"id":100,"country":"Ghana","enter":"1976-08-10"},{"id":0,"country":"Cuba","enter":"1996-01-06"}],"creditCards":[{"number":"372939812749280","cvv":"922","expirationDate":"2029-03-08"}],"pwd":"vistas","email":"painedthanh@msn.com","userName":"forelyndon"}
12:19:43.091 [main] INFO  net.andreinc.mapneat.operation.Shift - (transformationId=05fada39-3669-4691-913e-adcea11fdd6d) "" SHIFT(*=) null
12:19:43.094 [main] INFO  net.andreinc.mapneat.dsl.MapNeat - Transformation(id=7b7106b0-209e-4d97-9f28-8b2187a1f78a, parentId=null) INPUT = {"id":810,"firstName":"Lucien","lastName":"Eyer","birthDate":"1936-01-04","friends":[620,40,160],"visits":[{"id":200,"country":"Ghana","enter":"1973-12-19"},{"id":100,"country":"Ghana","enter":"1976-08-10"},{"id":0,"country":"Cuba","enter":"1996-01-06"}],"creditCards":[{"number":"372939812749280","cvv":"922","expirationDate":"2029-03-08"}],"pwd":"vistas","email":"painedthanh@msn.com","userName":"forelyndon"}
12:19:43.095 [main] INFO  net.andreinc.mapneat.operation.Shift - (transformationId=7b7106b0-209e-4d97-9f28-8b2187a1f78a) "" SHIFT(*=) null
12:19:43.096 [main] INFO  net.andreinc.mapneat.operation.Delete - (transformationId=7b7106b0-209e-4d97-9f28-8b2187a1f78a) DELETE(-) "visits"
12:19:43.096 [main] INFO  net.andreinc.mapneat.operation.Delete - (transformationId=7b7106b0-209e-4d97-9f28-8b2187a1f78a) DELETE(-) "creditCards"
12:19:43.096 [main] INFO  net.andreinc.mapneat.operation.Delete - (transformationId=7b7106b0-209e-4d97-9f28-8b2187a1f78a) DELETE(-) "pwd"
12:19:43.097 [main] INFO  net.andreinc.mapneat.operation.Shift - (transformationId=7b7106b0-209e-4d97-9f28-8b2187a1f78a) "visited" SHIFT(*=) [ "Cuba", "Ghana" ]
12:19:43.099 [main] INFO  net.andreinc.mapneat.operation.Assign - (transformationId=7b7106b0-209e-4d97-9f28-8b2187a1f78a) "lastName" ASSIGN(/=) "EYER"
12:19:43.100 [main] INFO  net.andreinc.mapneat.operation.Assign - (transformationId=7b7106b0-209e-4d97-9f28-8b2187a1f78a) "friends" ASSIGN(/=) [ "Valentine Schroen", "Orlando Coponen", "Jack Kazin" ]
12:20:04.127 [main] INFO  net.andreinc.mapneat.dsl.MapNeat - Transformation(id=88f5662a-0a8d-4413-a931-44473c09dd58, parentId=null) INPUT = {"id":950,"firstName":"Madalyn","lastName":"Langhorst","birthDate":"1990-08-09","friends":[910],"visits":[{"id":0,"country":"Cape Verde","enter":"1990-05-24"},{"id":300,"country":"Mauritius","enter":"2015-03-03"},{"id":500,"country":"Venezuela","enter":"1993-03-26"},{"id":200,"country":"Algeria","enter":"2002-01-30"},{"id":400,"country":"Western Sahara","enter":"1988-11-02"},{"id":100,"country":"Bahrain","enter":"2019-12-29"}],"creditCards":[{"number":"5427850821499938","cvv":"307","expirationDate":"2023-04-08"},{"number":"374546820931632","cvv":"289","expirationDate":"2028-07-06"},{"number":"2720660284461452","cvv":"380","expirationDate":"2030-10-12"}],"pwd":"softball","email":"puirrodger@yahoo.co.uk","userName":"vulnedhurdler"}
12:20:04.147 [main] INFO  net.andreinc.mapneat.operation.Shift - (transformationId=88f5662a-0a8d-4413-a931-44473c09dd58) "" SHIFT(*=) null
12:20:04.151 [main] INFO  net.andreinc.mapneat.dsl.MapNeat - Transformation(id=e7ef4aea-132d-4df9-8cc1-614bb2a48749, parentId=null) INPUT = {"id":950,"firstName":"Madalyn","lastName":"Langhorst","birthDate":"1990-08-09","friends":[910],"visits":[{"id":0,"country":"Cape Verde","enter":"1990-05-24"},{"id":300,"country":"Mauritius","enter":"2015-03-03"},{"id":500,"country":"Venezuela","enter":"1993-03-26"},{"id":200,"country":"Algeria","enter":"2002-01-30"},{"id":400,"country":"Western Sahara","enter":"1988-11-02"},{"id":100,"country":"Bahrain","enter":"2019-12-29"}],"creditCards":[{"number":"5427850821499938","cvv":"307","expirationDate":"2023-04-08"},{"number":"374546820931632","cvv":"289","expirationDate":"2028-07-06"},{"number":"2720660284461452","cvv":"380","expirationDate":"2030-10-12"}],"pwd":"softball","email":"puirrodger@yahoo.co.uk","userName":"vulnedhurdler"}
12:20:04.151 [main] INFO  net.andreinc.mapneat.operation.Shift - (transformationId=e7ef4aea-132d-4df9-8cc1-614bb2a48749) "" SHIFT(*=) null
12:20:04.152 [main] INFO  net.andreinc.mapneat.operation.Delete - (transformationId=e7ef4aea-132d-4df9-8cc1-614bb2a48749) DELETE(-) "visits"
12:20:04.152 [main] INFO  net.andreinc.mapneat.operation.Delete - (transformationId=e7ef4aea-132d-4df9-8cc1-614bb2a48749) DELETE(-) "creditCards"
12:20:04.152 [main] INFO  net.andreinc.mapneat.operation.Delete - (transformationId=e7ef4aea-132d-4df9-8cc1-614bb2a48749) DELETE(-) "pwd"
12:20:25.001 [main] INFO  net.andreinc.mapneat.operation.Shift - (transformationId=e7ef4aea-132d-4df9-8cc1-614bb2a48749) "visited" SHIFT(*=) [ "Cape Verde", "Venezuela", "Western Sahara", "Algeria", "Mauritius", "Bahrain" ]
12:20:25.006 [main] INFO  net.andreinc.mapneat.operation.Assign - (transformationId=e7ef4aea-132d-4df9-8cc1-614bb2a48749) "lastName" ASSIGN(/=) "LANGHORST"
12:20:25.009 [main] INFO  net.andreinc.mapneat.operation.Assign - (transformationId=e7ef4aea-132d-4df9-8cc1-614bb2a48749) "friends" ASSIGN(/=) [ "Ester Dunckel" ]
12:21:29.023 [main] INFO  net.andreinc.mapneat.dsl.MapNeat - Transformation(id=5e1b624b-12b1-4b6a-9060-e9fcd4b7d73b, parentId=null) INPUT = {"id":430,"firstName":"Leora","lastName":"Bhola","birthDate":"1937-05-01","friends":[170,300,870,980],"visits":[{"id":0,"country":"Mongolia","enter":"1993-04-18"},{"id":300,"country":"Uzbekistan","enter":"1979-08-27"},{"id":500,"country":"Bermuda","enter":"2013-07-28"},{"id":200,"country":"Ghana","enter":"2009-02-11"},{"id":400,"country":"Christmas Island","enter":"2009-07-06"},{"id":100,"country":"Samoa","enter":"1973-02-15"}],"creditCards":[{"number":"349610676865864","cvv":"297","expirationDate":"2026-05-16"}],"pwd":"villas","email":"earnedhilario@aol.com","userName":"glazedchasity"}
12:21:29.044 [main] INFO  net.andreinc.mapneat.operation.Shift - (transformationId=5e1b624b-12b1-4b6a-9060-e9fcd4b7d73b) "" SHIFT(*=) null
12:21:29.048 [main] INFO  net.andreinc.mapneat.dsl.MapNeat - Transformation(id=cae81da7-ce80-428b-b794-ddb485f6e0b5, parentId=null) INPUT = {"id":430,"firstName":"Leora","lastName":"Bhola","birthDate":"1937-05-01","friends":[170,300,870,980],"visits":[{"id":0,"country":"Mongolia","enter":"1993-04-18"},{"id":300,"country":"Uzbekistan","enter":"1979-08-27"},{"id":500,"country":"Bermuda","enter":"2013-07-28"},{"id":200,"country":"Ghana","enter":"2009-02-11"},{"id":400,"country":"Christmas Island","enter":"2009-07-06"},{"id":100,"country":"Samoa","enter":"1973-02-15"}],"creditCards":[{"number":"349610676865864","cvv":"297","expirationDate":"2026-05-16"}],"pwd":"villas","email":"earnedhilario@aol.com","userName":"glazedchasity"}
12:21:29.048 [main] INFO  net.andreinc.mapneat.operation.Shift - (transformationId=cae81da7-ce80-428b-b794-ddb485f6e0b5) "" SHIFT(*=) null
12:21:29.049 [main] INFO  net.andreinc.mapneat.operation.Delete - (transformationId=cae81da7-ce80-428b-b794-ddb485f6e0b5) DELETE(-) "visits"
12:21:29.049 [main] INFO  net.andreinc.mapneat.operation.Delete - (transformationId=cae81da7-ce80-428b-b794-ddb485f6e0b5) DELETE(-) "creditCards"
12:21:29.049 [main] INFO  net.andreinc.mapneat.operation.Delete - (transformationId=cae81da7-ce80-428b-b794-ddb485f6e0b5) DELETE(-) "pwd"
12:23:19.495 [main] INFO  net.andreinc.mapneat.dsl.MapNeat - Transformation(id=440ed8f6-795a-4ec1-8f7d-c1a31a5fa112, parentId=null) INPUT = {"id":170,"firstName":"Glenda","lastName":"Straub","birthDate":"1966-02-24","friends":[690,450,120],"visits":[{"id":0,"country":"Panama","enter":"1987-08-16"},{"id":600,"country":"Pakistan","enter":"2013-12-13"},{"id":300,"country":"Bahrain","enter":"1975-07-11"},{"id":500,"country":"Macau","enter":"2000-05-05"},{"id":200,"country":"Macau","enter":"2020-03-06"},{"id":400,"country":"Luxembourg","enter":"2005-03-26"},{"id":100,"country":"Colombia","enter":"1997-11-10"}],"creditCards":[{"number":"5368000229717488","cvv":"002","expirationDate":"2037-10-30"},{"number":"344512125736297","cvv":"248","expirationDate":"2034-08-31"},{"number":"4957542448203857","cvv":"187","expirationDate":"2026-05-06"}],"pwd":"gaur69","email":"foreluge@msn.com","userName":"quiteunpack"}
12:23:19.516 [main] INFO  net.andreinc.mapneat.operation.Shift - (transformationId=440ed8f6-795a-4ec1-8f7d-c1a31a5fa112) "" SHIFT(*=) null
12:23:19.520 [main] INFO  net.andreinc.mapneat.dsl.MapNeat - Transformation(id=c46e235a-e235-435f-b9ea-3bdd4547e221, parentId=null) INPUT = {"id":170,"firstName":"Glenda","lastName":"Straub","birthDate":"1966-02-24","friends":[690,450,120],"visits":[{"id":0,"country":"Panama","enter":"1987-08-16"},{"id":600,"country":"Pakistan","enter":"2013-12-13"},{"id":300,"country":"Bahrain","enter":"1975-07-11"},{"id":500,"country":"Macau","enter":"2000-05-05"},{"id":200,"country":"Macau","enter":"2020-03-06"},{"id":400,"country":"Luxembourg","enter":"2005-03-26"},{"id":100,"country":"Colombia","enter":"1997-11-10"}],"creditCards":[{"number":"5368000229717488","cvv":"002","expirationDate":"2037-10-30"},{"number":"344512125736297","cvv":"248","expirationDate":"2034-08-31"},{"number":"4957542448203857","cvv":"187","expirationDate":"2026-05-06"}],"pwd":"gaur69","email":"foreluge@msn.com","userName":"quiteunpack"}
12:23:19.521 [main] INFO  net.andreinc.mapneat.operation.Shift - (transformationId=c46e235a-e235-435f-b9ea-3bdd4547e221) "" SHIFT(*=) null
12:23:19.522 [main] INFO  net.andreinc.mapneat.operation.Delete - (transformationId=c46e235a-e235-435f-b9ea-3bdd4547e221) DELETE(-) "visits"
12:23:19.522 [main] INFO  net.andreinc.mapneat.operation.Delete - (transformationId=c46e235a-e235-435f-b9ea-3bdd4547e221) DELETE(-) "creditCards"
12:23:19.522 [main] INFO  net.andreinc.mapneat.operation.Delete - (transformationId=c46e235a-e235-435f-b9ea-3bdd4547e221) DELETE(-) "pwd"
12:23:44.905 [main] INFO  net.andreinc.mapneat.dsl.MapNeat - Transformation(id=20916564-cb6a-40f0-9d9a-6ae280e7f82a, parentId=null) INPUT = {"id":290,"firstName":"Paulene","lastName":"Alonso","birthDate":"1967-08-25","friends":[870,770],"visits":[{"id":0,"country":"Central African Republic","enter":"2011-04-19"},{"id":100,"country":"Sudan","enter":"1980-01-03"}],"creditCards":[{"number":"348383945704550","cvv":"705","expirationDate":"2036-10-12"}],"pwd":"sort91","email":"mileparcels@yahoo.co.uk","userName":"frigidwilbert"}
12:23:44.926 [main] INFO  net.andreinc.mapneat.operation.Shift - (transformationId=20916564-cb6a-40f0-9d9a-6ae280e7f82a) "" SHIFT(*=) null
12:23:44.930 [main] INFO  net.andreinc.mapneat.dsl.MapNeat - Transformation(id=fbc69757-dfe9-477f-8eb7-d92a32f9b901, parentId=null) INPUT = {"id":290,"firstName":"Paulene","lastName":"Alonso","birthDate":"1967-08-25","friends":[870,770],"visits":[{"id":0,"country":"Central African Republic","enter":"2011-04-19"},{"id":100,"country":"Sudan","enter":"1980-01-03"}],"creditCards":[{"number":"348383945704550","cvv":"705","expirationDate":"2036-10-12"}],"pwd":"sort91","email":"mileparcels@yahoo.co.uk","userName":"frigidwilbert"}
12:23:44.930 [main] INFO  net.andreinc.mapneat.operation.Shift - (transformationId=fbc69757-dfe9-477f-8eb7-d92a32f9b901) "" SHIFT(*=) null
12:23:44.931 [main] INFO  net.andreinc.mapneat.operation.Delete - (transformationId=fbc69757-dfe9-477f-8eb7-d92a32f9b901) DELETE(-) "visits"
12:23:44.931 [main] INFO  net.andreinc.mapneat.operation.Delete - (transformationId=fbc69757-dfe9-477f-8eb7-d92a32f9b901) DELETE(-) "creditCards"
12:23:44.931 [main] INFO  net.andreinc.mapneat.operation.Delete - (transformationId=fbc69757-dfe9-477f-8eb7-d92a32f9b901) DELETE(-) "pwd"
12:24:08.619 [main] INFO  net.andreinc.mapneat.dsl.MapNeat - Transformation(id=5a192542-6d26-47c1-ac1e-ac11ab27c4e5, parentId=null) INPUT = {"id":330,"firstName":"Bobby","lastName":"Waldoch","birthDate":"1922-12-05","friends":[320,950,460,990],"visits":[{"id":0,"country":"Mozambique","enter":"2010-09-21"}],"creditCards":[{"number":"4944575772798684","cvv":"924","expirationDate":"2034-08-30"},{"number":"376292511850116","cvv":"597","expirationDate":"2039-06-20"},{"number":"373086319092423","cvv":"787","expirationDate":"2025-04-17"}],"pwd":"vega12","email":"byeeusebio@comcast.net","userName":"naughtdetrain"}
12:24:08.639 [main] INFO  net.andreinc.mapneat.operation.Shift - (transformationId=5a192542-6d26-47c1-ac1e-ac11ab27c4e5) "" SHIFT(*=) null
12:24:08.642 [main] INFO  net.andreinc.mapneat.dsl.MapNeat - Transformation(id=66bae8e1-9cfd-4932-8033-417b2ac95b47, parentId=null) INPUT = {"id":330,"firstName":"Bobby","lastName":"Waldoch","birthDate":"1922-12-05","friends":[320,950,460,990],"visits":[{"id":0,"country":"Mozambique","enter":"2010-09-21"}],"creditCards":[{"number":"4944575772798684","cvv":"924","expirationDate":"2034-08-30"},{"number":"376292511850116","cvv":"597","expirationDate":"2039-06-20"},{"number":"373086319092423","cvv":"787","expirationDate":"2025-04-17"}],"pwd":"vega12","email":"byeeusebio@comcast.net","userName":"naughtdetrain"}
12:24:08.643 [main] INFO  net.andreinc.mapneat.operation.Shift - (transformationId=66bae8e1-9cfd-4932-8033-417b2ac95b47) "" SHIFT(*=) null
12:24:08.644 [main] INFO  net.andreinc.mapneat.operation.Delete - (transformationId=66bae8e1-9cfd-4932-8033-417b2ac95b47) DELETE(-) "visits"
12:24:08.644 [main] INFO  net.andreinc.mapneat.operation.Delete - (transformationId=66bae8e1-9cfd-4932-8033-417b2ac95b47) DELETE(-) "creditCards"
12:24:08.644 [main] INFO  net.andreinc.mapneat.operation.Delete - (transformationId=66bae8e1-9cfd-4932-8033-417b2ac95b47) DELETE(-) "pwd"
12:24:08.646 [main] INFO  net.andreinc.mapneat.operation.Shift - (transformationId=66bae8e1-9cfd-4932-8033-417b2ac95b47) "visited" SHIFT(*=) [ "Mozambique" ]
12:24:08.647 [main] INFO  net.andreinc.mapneat.operation.Assign - (transformationId=66bae8e1-9cfd-4932-8033-417b2ac95b47) "lastName" ASSIGN(/=) "WALDOCH"
12:24:08.648 [main] INFO  net.andreinc.mapneat.operation.Assign - (transformationId=66bae8e1-9cfd-4932-8033-417b2ac95b47) "friends" ASSIGN(/=) [ "Hershel Vanwingerden", "Sergio Patnode", "Dante Toby", "Eugene Abood" ]
12:24:15.247 [main] INFO  net.andreinc.mapneat.dsl.MapNeat - Transformation(id=415b2fd8-375a-4b5d-912c-11f759982484, parentId=null) INPUT = {"id":990,"firstName":"Colby","lastName":"Hartlep","birthDate":"1953-11-08","friends":[60],"visits":[{"id":0,"country":"Bermuda","enter":"1976-12-20"},{"id":600,"country":"Cook Islands","enter":"1987-04-27"},{"id":300,"country":"Chad","enter":"1976-03-04"},{"id":500,"country":"Togo","enter":"1973-03-25"},{"id":200,"country":"Barbados","enter":"1992-01-05"},{"id":400,"country":"Samoa","enter":"1985-08-15"},{"id":100,"country":"Singapore","enter":"1985-11-14"}],"creditCards":[{"number":"5514661123048503","cvv":"895","expirationDate":"2024-05-31"}],"pwd":"flits2","email":"pouchedauteurs@mail.com","userName":"shoalbrooks"}
12:24:15.268 [main] INFO  net.andreinc.mapneat.operation.Shift - (transformationId=415b2fd8-375a-4b5d-912c-11f759982484) "" SHIFT(*=) null
12:24:15.271 [main] INFO  net.andreinc.mapneat.dsl.MapNeat - Transformation(id=67b9e860-fabf-4b5d-977c-81c8a07c1f21, parentId=null) INPUT = {"id":990,"firstName":"Colby","lastName":"Hartlep","birthDate":"1953-11-08","friends":[60],"visits":[{"id":0,"country":"Bermuda","enter":"1976-12-20"},{"id":600,"country":"Cook Islands","enter":"1987-04-27"},{"id":300,"country":"Chad","enter":"1976-03-04"},{"id":500,"country":"Togo","enter":"1973-03-25"},{"id":200,"country":"Barbados","enter":"1992-01-05"},{"id":400,"country":"Samoa","enter":"1985-08-15"},{"id":100,"country":"Singapore","enter":"1985-11-14"}],"creditCards":[{"number":"5514661123048503","cvv":"895","expirationDate":"2024-05-31"}],"pwd":"flits2","email":"pouchedauteurs@mail.com","userName":"shoalbrooks"}
12:24:15.271 [main] INFO  net.andreinc.mapneat.operation.Shift - (transformationId=67b9e860-fabf-4b5d-977c-81c8a07c1f21) "" SHIFT(*=) null
12:24:15.272 [main] INFO  net.andreinc.mapneat.operation.Delete - (transformationId=67b9e860-fabf-4b5d-977c-81c8a07c1f21) DELETE(-) "visits"
12:24:15.273 [main] INFO  net.andreinc.mapneat.operation.Delete - (transformationId=67b9e860-fabf-4b5d-977c-81c8a07c1f21) DELETE(-) "creditCards"
12:24:15.273 [main] INFO  net.andreinc.mapneat.operation.Delete - (transformationId=67b9e860-fabf-4b5d-977c-81c8a07c1f21) DELETE(-) "pwd"
12:24:15.275 [main] INFO  net.andreinc.mapneat.operation.Shift - (transformationId=67b9e860-fabf-4b5d-977c-81c8a07c1f21) "visited" SHIFT(*=) [ "Barbados", "Singapore", "Togo", "Cook Islands", "Chad", "Bermuda", "Samoa" ]
12:24:15.276 [main] INFO  net.andreinc.mapneat.operation.Assign - (transformationId=67b9e860-fabf-4b5d-977c-81c8a07c1f21) "lastName" ASSIGN(/=) "HARTLEP"
12:24:15.277 [main] INFO  net.andreinc.mapneat.operation.Assign - (transformationId=67b9e860-fabf-4b5d-977c-81c8a07c1f21) "friends" ASSIGN(/=) [ "Theo Shamonsky" ]
10:23:54.783 [main] INFO  net.andreinc.mapneat.dsl.MapNeat - Transformation(id=304f31d2-2cfe-4d57-89e6-7697640fbc3f, parentId=null) INPUT = {"id":420,"firstName":"Laverne","lastName":"Krisher","birthDate":"1967-11-18","friends":[940,980],"visits":[{"id":100,"country":"Oman","enter":"1995-12-23"},{"id":300,"country":"Montenegro","enter":"1985-10-11"},{"id":200,"country":"Latvia","enter":"1999-10-08"},{"id":0,"country":"China","enter":"1971-02-12"},{"id":400,"country":"Burkina Faso","enter":"1989-06-22"}],"creditCards":[{"number":"5152302224943907","cvv":"611","expirationDate":"2023-11-13"},{"number":"4345588609898101","cvv":"067","expirationDate":"2027-03-03"},{"number":"348620914714866","cvv":"171","expirationDate":"2028-09-13"}],"pwd":"rance0","email":"muchhelga@yahoo.co.uk","userName":"steysafe"}
10:23:54.805 [main] INFO  net.andreinc.mapneat.operation.Shift - (transformationId=304f31d2-2cfe-4d57-89e6-7697640fbc3f) "" SHIFT(*=) null
10:23:54.810 [main] INFO  net.andreinc.mapneat.dsl.MapNeat - Transformation(id=9c1be223-1942-4ef3-8ce8-bf9dd8e4fa5c, parentId=null) INPUT = {"id":420,"firstName":"Laverne","lastName":"Krisher","birthDate":"1967-11-18","friends":[940,980],"visits":[{"id":100,"country":"Oman","enter":"1995-12-23"},{"id":300,"country":"Montenegro","enter":"1985-10-11"},{"id":200,"country":"Latvia","enter":"1999-10-08"},{"id":0,"country":"China","enter":"1971-02-12"},{"id":400,"country":"Burkina Faso","enter":"1989-06-22"}],"creditCards":[{"number":"5152302224943907","cvv":"611","expirationDate":"2023-11-13"},{"number":"4345588609898101","cvv":"067","expirationDate":"2027-03-03"},{"number":"348620914714866","cvv":"171","expirationDate":"2028-09-13"}],"pwd":"rance0","email":"muchhelga@yahoo.co.uk","userName":"steysafe"}
10:23:54.810 [main] INFO  net.andreinc.mapneat.operation.Shift - (transformationId=9c1be223-1942-4ef3-8ce8-bf9dd8e4fa5c) "" SHIFT(*=) null
10:23:54.811 [main] INFO  net.andreinc.mapneat.operation.Delete - (transformationId=9c1be223-1942-4ef3-8ce8-bf9dd8e4fa5c) DELETE(-) "visits"
10:23:54.811 [main] INFO  net.andreinc.mapneat.operation.Delete - (transformationId=9c1be223-1942-4ef3-8ce8-bf9dd8e4fa5c) DELETE(-) "creditCards"
10:23:54.812 [main] INFO  net.andreinc.mapneat.operation.Delete - (transformationId=9c1be223-1942-4ef3-8ce8-bf9dd8e4fa5c) DELETE(-) "pwd"
10:23:54.813 [main] INFO  net.andreinc.mapneat.operation.Shift - (transformationId=9c1be223-1942-4ef3-8ce8-bf9dd8e4fa5c) "visited" SHIFT(*=) [ "Latvia", "Burkina Faso", "China", "Oman", "Montenegro" ]
10:23:54.815 [main] INFO  net.andreinc.mapneat.operation.Assign - (transformationId=9c1be223-1942-4ef3-8ce8-bf9dd8e4fa5c) "lastName" ASSIGN(/=) "KRISHER"
10:23:54.816 [main] INFO  net.andreinc.mapneat.operation.Assign - (transformationId=9c1be223-1942-4ef3-8ce8-bf9dd8e4fa5c) "friends" ASSIGN(/=) [ "Simon Luvian", "Jeramy Wheeington" ]
11:32:21.963 [main] INFO  net.andreinc.mapneat.dsl.MapNeat - Transformation(id=375d45f4-4d77-4792-82ef-ac4d37ae428e, parentId=null) INPUT = {"id":400,"firstName":"Raisa","lastName":"Vair","birthDate":"1927-03-31","friends":[520,820,720],"visits":[{"id":100,"country":"Nigeria","enter":"1982-05-12"},{"id":500,"country":"Morocco","enter":"2009-03-15"},{"id":300,"country":"Ghana","enter":"2002-06-20"},{"id":700,"country":"Lesotho","enter":"2012-08-05"},{"id":200,"country":"Niue","enter":"1972-08-24"},{"id":0,"country":"Uganda","enter":"1971-04-13"},{"id":400,"country":"Benin","enter":"2018-10-24"},{"id":800,"country":"Barbados","enter":"2017-05-07"},{"id":600,"country":"Bosnia And Herzegovina","enter":"1992-08-20"}],"creditCards":[{"number":"349872757790318","cvv":"336","expirationDate":"2032-11-11"},{"number":"373355668563403","cvv":"599","expirationDate":"2035-08-13"}],"pwd":"millrace","email":"poshshorings@email.com","userName":"muchchooks"}
11:32:21.983 [main] INFO  net.andreinc.mapneat.operation.Shift - (transformationId=375d45f4-4d77-4792-82ef-ac4d37ae428e) "" SHIFT(*=) null
11:32:21.988 [main] INFO  net.andreinc.mapneat.dsl.MapNeat - Transformation(id=c439862a-a97b-428b-a966-7f4e76587362, parentId=null) INPUT = {"id":400,"firstName":"Raisa","lastName":"Vair","birthDate":"1927-03-31","friends":[520,820,720],"visits":[{"id":100,"country":"Nigeria","enter":"1982-05-12"},{"id":500,"country":"Morocco","enter":"2009-03-15"},{"id":300,"country":"Ghana","enter":"2002-06-20"},{"id":700,"country":"Lesotho","enter":"2012-08-05"},{"id":200,"country":"Niue","enter":"1972-08-24"},{"id":0,"country":"Uganda","enter":"1971-04-13"},{"id":400,"country":"Benin","enter":"2018-10-24"},{"id":800,"country":"Barbados","enter":"2017-05-07"},{"id":600,"country":"Bosnia And Herzegovina","enter":"1992-08-20"}],"creditCards":[{"number":"349872757790318","cvv":"336","expirationDate":"2032-11-11"},{"number":"373355668563403","cvv":"599","expirationDate":"2035-08-13"}],"pwd":"millrace","email":"poshshorings@email.com","userName":"muchchooks"}
11:32:21.989 [main] INFO  net.andreinc.mapneat.operation.Shift - (transformationId=c439862a-a97b-428b-a966-7f4e76587362) "" SHIFT(*=) null
11:32:21.990 [main] INFO  net.andreinc.mapneat.operation.Delete - (transformationId=c439862a-a97b-428b-a966-7f4e76587362) DELETE(-) "visits"
11:32:21.990 [main] INFO  net.andreinc.mapneat.operation.Delete - (transformationId=c439862a-a97b-428b-a966-7f4e76587362) DELETE(-) "creditCards"
11:32:21.990 [main] INFO  net.andreinc.mapneat.operation.Delete - (transformationId=c439862a-a97b-428b-a966-7f4e76587362) DELETE(-) "pwd"
11:32:21.991 [main] INFO  net.andreinc.mapneat.operation.Shift - (transformationId=c439862a-a97b-428b-a966-7f4e76587362) "visited" SHIFT(*=) [ "Benin", "Barbados", "Morocco", "Uganda", "Ghana", "Nigeria", "Lesotho", "Niue", "Bosnia And Herzegovina" ]
11:32:21.993 [main] INFO  net.andreinc.mapneat.operation.Assign - (transformationId=c439862a-a97b-428b-a966-7f4e76587362) "lastName" ASSIGN(/=) "VAIR"
11:32:21.994 [main] INFO  net.andreinc.mapneat.operation.Assign - (transformationId=c439862a-a97b-428b-a966-7f4e76587362) "friends" ASSIGN(/=) [ "Dovie Crockette", "Verlie Curly", "Georgia Kornman" ]
11:37:14.768 [main] INFO  net.andreinc.mapneat.dsl.MapNeat - Transformation(id=1118439b-e381-4b96-9890-45be51df2c11, parentId=null) INPUT = {"id":930,"firstName":"Vella","lastName":"Luvert","birthDate":"1996-04-01","friends":[620,140,920],"visits":[{"id":100,"country":"Turkmenistan","enter":"1997-05-03"},{"id":500,"country":"Bouvet Island","enter":"2002-03-23"},{"id":300,"country":"Dominica","enter":"2008-02-10"},{"id":200,"country":"Djibouti","enter":"1977-06-12"},{"id":0,"country":"Uganda","enter":"1998-12-01"},{"id":400,"country":"Afghanistan","enter":"1979-08-11"},{"id":600,"country":"Cote D'ivoire","enter":"2012-07-02"}],"creditCards":[{"number":"4334225047163532","cvv":"561","expirationDate":"2033-01-18"},{"number":"4781715540049442","cvv":"752","expirationDate":"2038-09-03"},{"number":"378431387966527","cvv":"192","expirationDate":"2032-07-25"}],"pwd":"rapping","email":"painedallene@me.com","userName":"laithelvis"}
11:37:14.786 [main] INFO  net.andreinc.mapneat.operation.Shift - (transformationId=1118439b-e381-4b96-9890-45be51df2c11) "" SHIFT(*=) null
11:37:14.790 [main] INFO  net.andreinc.mapneat.dsl.MapNeat - Transformation(id=5baac010-6bf4-4116-97d1-921cfaf0c2dc, parentId=null) INPUT = {"id":930,"firstName":"Vella","lastName":"Luvert","birthDate":"1996-04-01","friends":[620,140,920],"visits":[{"id":100,"country":"Turkmenistan","enter":"1997-05-03"},{"id":500,"country":"Bouvet Island","enter":"2002-03-23"},{"id":300,"country":"Dominica","enter":"2008-02-10"},{"id":200,"country":"Djibouti","enter":"1977-06-12"},{"id":0,"country":"Uganda","enter":"1998-12-01"},{"id":400,"country":"Afghanistan","enter":"1979-08-11"},{"id":600,"country":"Cote D'ivoire","enter":"2012-07-02"}],"creditCards":[{"number":"4334225047163532","cvv":"561","expirationDate":"2033-01-18"},{"number":"4781715540049442","cvv":"752","expirationDate":"2038-09-03"},{"number":"378431387966527","cvv":"192","expirationDate":"2032-07-25"}],"pwd":"rapping","email":"painedallene@me.com","userName":"laithelvis"}
11:37:14.790 [main] INFO  net.andreinc.mapneat.operation.Shift - (transformationId=5baac010-6bf4-4116-97d1-921cfaf0c2dc) "" SHIFT(*=) null
11:37:14.791 [main] INFO  net.andreinc.mapneat.operation.Delete - (transformationId=5baac010-6bf4-4116-97d1-921cfaf0c2dc) DELETE(-) "visits"
11:37:14.791 [main] INFO  net.andreinc.mapneat.operation.Delete - (transformationId=5baac010-6bf4-4116-97d1-921cfaf0c2dc) DELETE(-) "creditCards"
11:37:14.792 [main] INFO  net.andreinc.mapneat.operation.Delete - (transformationId=5baac010-6bf4-4116-97d1-921cfaf0c2dc) DELETE(-) "pwd"
11:37:14.795 [main] INFO  net.andreinc.mapneat.operation.Shift - (transformationId=5baac010-6bf4-4116-97d1-921cfaf0c2dc) "visited" SHIFT(*=) [ "Djibouti", "Afghanistan", "Uganda", "Cote D'ivoire", "Turkmenistan", "Bouvet Island", "Dominica" ]
11:37:14.797 [main] INFO  net.andreinc.mapneat.operation.Assign - (transformationId=5baac010-6bf4-4116-97d1-921cfaf0c2dc) "lastName" ASSIGN(/=) "LUVERT"
11:37:14.799 [main] INFO  net.andreinc.mapneat.operation.Assign - (transformationId=5baac010-6bf4-4116-97d1-921cfaf0c2dc) "friends" ASSIGN(/=) [ "Armida Villapando", "Thresa Schaetzle", "Virginia Kaleiwahea" ]
